

Microchip MPLAB XC8 Assembler V2.10 build 88905656 
                                                                                               Sun Mar 01 12:54:24 2020

Microchip MPLAB XC8 C Compiler v2.10 (Free license) build 20190730164152 Og1 
     1                           	processor	18F45K22
     2                           	fnconf	rparam,??,?,0
     3                           	opt	pw 120
     4                           	opt	flic
     5                           	psect	nvCOMRAM,global,class=COMRAM,space=1,delta=1,noexec
     6                           	psect	cinit,global,reloc=2,class=CODE,delta=1
     7                           	psect	bssCOMRAM,global,class=COMRAM,space=1,delta=1,noexec
     8                           	psect	cstackCOMRAM,global,class=COMRAM,space=1,delta=1,noexec
     9                           	psect	text0,global,reloc=2,class=CODE,delta=1
    10                           	psect	text1,global,reloc=2,class=CODE,delta=1
    11                           	psect	text2,global,reloc=2,class=CODE,delta=1
    12                           	psect	text3,global,reloc=2,class=CODE,delta=1
    13                           	psect	text4,global,reloc=2,class=CODE,delta=1
    14                           	psect	text5,global,reloc=2,class=CODE,delta=1
    15                           	psect	text6,global,reloc=2,class=CODE,delta=1
    16                           	psect	text7,global,reloc=2,class=CODE,delta=1
    17                           	psect	text8,global,reloc=2,class=CODE,delta=1
    18                           	psect	text9,global,reloc=2,class=CODE,delta=1
    19                           	psect	intsave_regs,global,class=BIGRAM,space=1,delta=1,noexec
    20                           	psect	rparam,global,class=COMRAM,space=1,delta=1,noexec
    21  0000                     
    22                           ; Version 2.10
    23                           ; Generated 31/07/2019 GMT
    24                           ; 
    25                           ; Copyright © 2019, Microchip Technology Inc. and its subsidiaries ("Microchip")
    26                           ; All rights reserved.
    27                           ; 
    28                           ; This software is developed by Microchip Technology Inc. and its subsidiaries ("Microch
      +                          ip").
    29                           ; 
    30                           ; Redistribution and use in source and binary forms, with or without modification, are
    31                           ; permitted provided that the following conditions are met:
    32                           ; 
    33                           ;     1. Redistributions of source code must retain the above copyright notice, this lis
      +                          t of
    34                           ;        conditions and the following disclaimer.
    35                           ; 
    36                           ;     2. Redistributions in binary form must reproduce the above copyright notice, this 
      +                          list
    37                           ;        of conditions and the following disclaimer in the documentation and/or other
    38                           ;        materials provided with the distribution.
    39                           ; 
    40                           ;     3. Microchip's name may not be used to endorse or promote products derived from th
      +                          is
    41                           ;        software without specific prior written permission.
    42                           ; 
    43                           ; THIS SOFTWARE IS PROVIDED BY MICROCHIP "AS IS" AND ANY EXPRESS OR IMPLIED WARRANTIES,
    44                           ; INCLUDING, BUT NOT LIMITED TO, THE IMPLIED WARRANTIES OF MERCHANTABILITY AND FITNESS F
      +                          OR
    45                           ; PURPOSE ARE DISCLAIMED.  IN NO EVENT SHALL MICROCHIP BE LIABLE FOR ANY DIRECT, INDIREC
      +                          T,
    46                           ; INCIDENTAL, SPECIAL, EXEMPLARY, OR CONSEQUENTIAL DAMAGES (INCLUDING BUT NOT LIMITED TO
    47                           ; PROCUREMENT OF SUBSTITUTE GOODS OR SERVICES; LOSS OF USE, DATA OR PROFITS; OR BUSINESS
    48                           ; INTERRUPTION) HOWSOEVER CAUSED AND ON ANY THEORY OF LIABILITY, WHETHER IN CONTRACT, ST
      +                          RICT
    49                           ; LIABILITY, OR TORT (INCLUDING NEGLIGENCE OR OTHERWISE) ARISING IN ANY WAY OUT OF THE U
      +                          SE OF
    50                           ; THIS SOFTWARE, EVEN IF ADVISED OF THE POSSIBILITY OF SUCH DAMAGE.
    51                           ; 
    52                           ; 
    53                           ; Code-generator required, PIC18F45K22 Definitions
    54                           ; 
    55                           ; SFR Addresses
    56  0000                     
    57 ;; Function _EUSART2_DefaultFramingErrorHandler is unused but had its address taken
    58  0000                     
    59 ;; Function _EUSART2_DefaultOverrunErrorHandler is unused but had its address taken
    60  0000                     
    61 ;; Function _EUSART2_DefaultErrorHandler is unused but had its address taken
    62  0000                     
    63                           	psect	nvCOMRAM
    64  000001                     __pnvCOMRAM:
    65                           	opt callstack 0
    66  000001                     _EUSART2_ErrorHandler:
    67                           	opt callstack 0
    68  000001                     	ds	2
    69  000003                     _EUSART2_OverrunErrorHandler:
    70                           	opt callstack 0
    71  000003                     	ds	2
    72  000005                     _EUSART2_FramingErrorHandler:
    73                           	opt callstack 0
    74  000005                     	ds	2
    75  0000                     _ANSELA	set	3896
    76  0000                     _ANSELE	set	3900
    77  0000                     _ANSELB	set	3897
    78  0000                     _ANSELC	set	3898
    79  0000                     _ANSELD	set	3899
    80  0000                     _INTCONbits	set	4082
    81  0000                     _INTCON2bits	set	4081
    82  0000                     _WPUB	set	3937
    83  0000                     _TRISD	set	3989
    84  0000                     _TRISC	set	3988
    85  0000                     _TRISB	set	3987
    86  0000                     _TRISA	set	3986
    87  0000                     _TRISE	set	3990
    88  0000                     _LATC	set	3979
    89  0000                     _LATB	set	3978
    90  0000                     _LATA	set	3977
    91  0000                     _LATD	set	3980
    92  0000                     _LATE	set	3981
    93  0000                     _OSCTUNE	set	3995
    94  0000                     _OSCCON2	set	4050
    95  0000                     _OSCCON	set	4051
    96  0000                     _TXREG2	set	3955
    97  0000                     _RCREG2	set	3956
    98  0000                     _RCSTA2bits	set	3953
    99  0000                     _TXSTA2bits	set	3954
   100  0000                     _PIR3bits	set	4004
   101  0000                     _SPBRGH2	set	3958
   102  0000                     _SPBRG2	set	3957
   103  0000                     _TXSTA2	set	3954
   104  0000                     _RCSTA2	set	3953
   105  0000                     _BAUDCON2	set	3952
   106                           
   107                           ; #config settings
   108  0000                     
   109                           	psect	cinit
   110  007F04                     __pcinit:
   111                           	opt callstack 0
   112  007F04                     start_initialization:
   113                           	opt callstack 0
   114  007F04                     __initialization:
   115                           	opt callstack 0
   116                           
   117                           ; Clear objects allocated to COMRAM (1 bytes)
   118  007F04  6A0A               	clrf	__pbssCOMRAM& (0+255),c
   119  007F06                     end_of_initialization:
   120                           	opt callstack 0
   121  007F06                     __end_of__initialization:
   122                           	opt callstack 0
   123  007F06  0E00               	movlw	low (__Lmediumconst shr (0+16))
   124  007F08  6EF8               	movwf	tblptru,c
   125  007F0A  0100               	movlb	0
   126  007F0C  EFA1  F03F         	goto	_main	;jump to C main() function
   127                           
   128                           	psect	bssCOMRAM
   129  00000A                     __pbssCOMRAM:
   130                           	opt callstack 0
   131  00000A                     _eusart2RxLastError:
   132                           	opt callstack 0
   133  00000A                     	ds	1
   134                           
   135                           	psect	cstackCOMRAM
   136  000007                     __pcstackCOMRAM:
   137                           	opt callstack 0
   138  000007                     EUSART2_Write@txData:
   139                           	opt callstack 0
   140  000007                     EUSART2_SetFramingErrorHandler@interruptHandler:
   141                           	opt callstack 0
   142  000007                     EUSART2_SetOverrunErrorHandler@interruptHandler:
   143                           	opt callstack 0
   144  000007                     EUSART2_SetErrorHandler@interruptHandler:
   145                           	opt callstack 0
   146                           
   147                           ; 2 bytes @ 0x0
   148  000007                     	ds	2
   149  000009                     main@x:
   150                           	opt callstack 0
   151                           
   152                           ; 1 bytes @ 0x2
   153  000009                     	ds	1
   154                           
   155 ;;
   156 ;;Main: autosize = 0, tempsize = 0, incstack = 0, save=0
   157 ;;
   158 ;; *************** function _main *****************
   159 ;; Defined at:
   160 ;;		line 49 in file "main.c"
   161 ;; Parameters:    Size  Location     Type
   162 ;;		None
   163 ;; Auto vars:     Size  Location     Type
   164 ;;  x               1    2[COMRAM] unsigned char 
   165 ;; Return value:  Size  Location     Type
   166 ;;                  1    wreg      void 
   167 ;; Registers used:
   168 ;;		wreg, status,2, status,0, cstack
   169 ;; Tracked objects:
   170 ;;		On entry : 0/0
   171 ;;		On exit  : 0/0
   172 ;;		Unchanged: 0/0
   173 ;; Data sizes:     COMRAM   BANK0   BANK1   BANK2   BANK3   BANK4   BANK5
   174 ;;      Params:         0       0       0       0       0       0       0
   175 ;;      Locals:         1       0       0       0       0       0       0
   176 ;;      Temps:          0       0       0       0       0       0       0
   177 ;;      Totals:         1       0       0       0       0       0       0
   178 ;;Total ram usage:        1 bytes
   179 ;; Hardware stack levels required when called:    3
   180 ;; This function calls:
   181 ;;		_EUSART2_Read
   182 ;;		_EUSART2_Write
   183 ;;		_SYSTEM_Initialize
   184 ;; This function is called by:
   185 ;;		Startup code after reset
   186 ;; This function uses a non-reentrant model
   187 ;;
   188                           
   189                           	psect	text0
   190  007F42                     __ptext0:
   191                           	opt callstack 0
   192  007F42                     _main:
   193                           	opt callstack 28
   194  007F42                     
   195                           ;main.c: 52:     SYSTEM_Initialize();
   196  007F42  EC8F  F03F         	call	_SYSTEM_Initialize	;wreg free
   197  007F46                     l950:
   198                           
   199                           ;main.c: 72:     {;main.c: 73:         x = EUSART2_Read();
   200  007F46  ECAD  F03F         	call	_EUSART2_Read	;wreg free
   201  007F4A  6E09               	movwf	main@x^0,c
   202  007F4C                     
   203                           ;main.c: 74:         EUSART2_Write(x);
   204  007F4C  5009               	movf	main@x^0,w,c
   205  007F4E  EC96  F03F         	call	_EUSART2_Write
   206  007F52  EFA3  F03F         	goto	l950
   207  007F56  EF00  F000         	goto	start
   208  007F5A                     __end_of_main:
   209                           	opt callstack 0
   210                           
   211 ;; *************** function _SYSTEM_Initialize *****************
   212 ;; Defined at:
   213 ;;		line 50 in file "mcc_generated_files/mcc.c"
   214 ;; Parameters:    Size  Location     Type
   215 ;;		None
   216 ;; Auto vars:     Size  Location     Type
   217 ;;		None
   218 ;; Return value:  Size  Location     Type
   219 ;;                  1    wreg      void 
   220 ;; Registers used:
   221 ;;		wreg, status,2, status,0, cstack
   222 ;; Tracked objects:
   223 ;;		On entry : 0/0
   224 ;;		On exit  : 0/0
   225 ;;		Unchanged: 0/0
   226 ;; Data sizes:     COMRAM   BANK0   BANK1   BANK2   BANK3   BANK4   BANK5
   227 ;;      Params:         0       0       0       0       0       0       0
   228 ;;      Locals:         0       0       0       0       0       0       0
   229 ;;      Temps:          0       0       0       0       0       0       0
   230 ;;      Totals:         0       0       0       0       0       0       0
   231 ;;Total ram usage:        0 bytes
   232 ;; Hardware stack levels used:    1
   233 ;; Hardware stack levels required when called:    2
   234 ;; This function calls:
   235 ;;		_EUSART2_Initialize
   236 ;;		_OSCILLATOR_Initialize
   237 ;;		_PIN_MANAGER_Initialize
   238 ;; This function is called by:
   239 ;;		_main
   240 ;; This function uses a non-reentrant model
   241 ;;
   242                           
   243                           	psect	text1
   244  007F1E                     __ptext1:
   245                           	opt callstack 0
   246  007F1E                     _SYSTEM_Initialize:
   247                           	opt callstack 28
   248  007F1E                     
   249                           ;mcc_generated_files/mcc.c: 53:     PIN_MANAGER_Initialize();
   250  007F1E  ECE0  F03F         	call	_PIN_MANAGER_Initialize	;wreg free
   251                           
   252                           ;mcc_generated_files/mcc.c: 54:     OSCILLATOR_Initialize();
   253  007F22  EC88  F03F         	call	_OSCILLATOR_Initialize	;wreg free
   254  007F26                     
   255                           ;mcc_generated_files/mcc.c: 55:     EUSART2_Initialize();
   256  007F26  ECC1  F03F         	call	_EUSART2_Initialize	;wreg free
   257  007F2A  0012               	return		;funcret
   258  007F2C                     __end_of_SYSTEM_Initialize:
   259                           	opt callstack 0
   260                           
   261 ;; *************** function _PIN_MANAGER_Initialize *****************
   262 ;; Defined at:
   263 ;;		line 55 in file "mcc_generated_files/pin_manager.c"
   264 ;; Parameters:    Size  Location     Type
   265 ;;		None
   266 ;; Auto vars:     Size  Location     Type
   267 ;;		None
   268 ;; Return value:  Size  Location     Type
   269 ;;                  1    wreg      void 
   270 ;; Registers used:
   271 ;;		wreg, status,2
   272 ;; Tracked objects:
   273 ;;		On entry : 0/0
   274 ;;		On exit  : 0/0
   275 ;;		Unchanged: 0/0
   276 ;; Data sizes:     COMRAM   BANK0   BANK1   BANK2   BANK3   BANK4   BANK5
   277 ;;      Params:         0       0       0       0       0       0       0
   278 ;;      Locals:         0       0       0       0       0       0       0
   279 ;;      Temps:          0       0       0       0       0       0       0
   280 ;;      Totals:         0       0       0       0       0       0       0
   281 ;;Total ram usage:        0 bytes
   282 ;; Hardware stack levels used:    1
   283 ;; This function calls:
   284 ;;		Nothing
   285 ;; This function is called by:
   286 ;;		_SYSTEM_Initialize
   287 ;; This function uses a non-reentrant model
   288 ;;
   289                           
   290                           	psect	text2
   291  007FC0                     __ptext2:
   292                           	opt callstack 0
   293  007FC0                     _PIN_MANAGER_Initialize:
   294                           	opt callstack 29
   295  007FC0                     
   296                           ;mcc_generated_files/pin_manager.c: 60:     LATE = 0x00;
   297  007FC0  0E00               	movlw	0
   298  007FC2  6E8D               	movwf	141,c	;volatile
   299                           
   300                           ;mcc_generated_files/pin_manager.c: 61:     LATD = 0x00;
   301  007FC4  0E00               	movlw	0
   302  007FC6  6E8C               	movwf	140,c	;volatile
   303                           
   304                           ;mcc_generated_files/pin_manager.c: 62:     LATA = 0x00;
   305  007FC8  0E00               	movlw	0
   306  007FCA  6E89               	movwf	137,c	;volatile
   307                           
   308                           ;mcc_generated_files/pin_manager.c: 63:     LATB = 0x00;
   309  007FCC  0E00               	movlw	0
   310  007FCE  6E8A               	movwf	138,c	;volatile
   311                           
   312                           ;mcc_generated_files/pin_manager.c: 64:     LATC = 0x00;
   313  007FD0  0E00               	movlw	0
   314  007FD2  6E8B               	movwf	139,c	;volatile
   315                           
   316                           ;mcc_generated_files/pin_manager.c: 69:     TRISE = 0x07;
   317  007FD4  0E07               	movlw	7
   318  007FD6  6E96               	movwf	150,c	;volatile
   319  007FD8                     
   320                           ;mcc_generated_files/pin_manager.c: 70:     TRISA = 0xFF;
   321  007FD8  6892               	setf	146,c	;volatile
   322  007FDA                     
   323                           ;mcc_generated_files/pin_manager.c: 71:     TRISB = 0xFF;
   324  007FDA  6893               	setf	147,c	;volatile
   325  007FDC                     
   326                           ;mcc_generated_files/pin_manager.c: 72:     TRISC = 0xFF;
   327  007FDC  6894               	setf	148,c	;volatile
   328                           
   329                           ;mcc_generated_files/pin_manager.c: 73:     TRISD = 0xBF;
   330  007FDE  0EBF               	movlw	191
   331  007FE0  6E95               	movwf	149,c	;volatile
   332                           
   333                           ;mcc_generated_files/pin_manager.c: 78:     ANSELD = 0x3F;
   334  007FE2  0E3F               	movlw	63
   335  007FE4  010F               	movlb	15	; () banked
   336  007FE6  6F3B               	movwf	59,b	;volatile
   337                           
   338                           ;mcc_generated_files/pin_manager.c: 79:     ANSELC = 0xFC;
   339  007FE8  0EFC               	movlw	252
   340  007FEA  6F3A               	movwf	58,b	;volatile
   341                           
   342                           ;mcc_generated_files/pin_manager.c: 80:     ANSELB = 0x3F;
   343  007FEC  0E3F               	movlw	63
   344  007FEE  6F39               	movwf	57,b	;volatile
   345                           
   346                           ;mcc_generated_files/pin_manager.c: 81:     ANSELE = 0x07;
   347  007FF0  0E07               	movlw	7
   348  007FF2  6F3C               	movwf	60,b	;volatile
   349                           
   350                           ;mcc_generated_files/pin_manager.c: 82:     ANSELA = 0x2F;
   351  007FF4  0E2F               	movlw	47
   352  007FF6  6F38               	movwf	56,b	;volatile
   353                           
   354                           ;mcc_generated_files/pin_manager.c: 87:     WPUB = 0x00;
   355  007FF8  0E00               	movlw	0
   356  007FFA  6E61               	movwf	97,c	;volatile
   357  007FFC                     
   358                           ; BSR set to: 15
   359                           ;mcc_generated_files/pin_manager.c: 88:     INTCON2bits.nRBPU = 1;
   360  007FFC  8EF1               	bsf	241,7,c	;volatile
   361  007FFE                     
   362                           ; BSR set to: 15
   363  007FFE  0012               	return		;funcret
   364  008000                     __end_of_PIN_MANAGER_Initialize:
   365                           	opt callstack 0
   366                           
   367 ;; *************** function _OSCILLATOR_Initialize *****************
   368 ;; Defined at:
   369 ;;		line 58 in file "mcc_generated_files/mcc.c"
   370 ;; Parameters:    Size  Location     Type
   371 ;;		None
   372 ;; Auto vars:     Size  Location     Type
   373 ;;		None
   374 ;; Return value:  Size  Location     Type
   375 ;;                  1    wreg      void 
   376 ;; Registers used:
   377 ;;		wreg, status,2
   378 ;; Tracked objects:
   379 ;;		On entry : 0/0
   380 ;;		On exit  : 0/0
   381 ;;		Unchanged: 0/0
   382 ;; Data sizes:     COMRAM   BANK0   BANK1   BANK2   BANK3   BANK4   BANK5
   383 ;;      Params:         0       0       0       0       0       0       0
   384 ;;      Locals:         0       0       0       0       0       0       0
   385 ;;      Temps:          0       0       0       0       0       0       0
   386 ;;      Totals:         0       0       0       0       0       0       0
   387 ;;Total ram usage:        0 bytes
   388 ;; Hardware stack levels used:    1
   389 ;; This function calls:
   390 ;;		Nothing
   391 ;; This function is called by:
   392 ;;		_SYSTEM_Initialize
   393 ;; This function uses a non-reentrant model
   394 ;;
   395                           
   396                           	psect	text3
   397  007F10                     __ptext3:
   398                           	opt callstack 0
   399  007F10                     _OSCILLATOR_Initialize:
   400                           	opt callstack 29
   401  007F10                     
   402                           ;mcc_generated_files/mcc.c: 61:     OSCCON = 0x30;
   403  007F10  0E30               	movlw	48
   404  007F12  6ED3               	movwf	211,c	;volatile
   405                           
   406                           ;mcc_generated_files/mcc.c: 63:     OSCCON2 = 0x04;
   407  007F14  0E04               	movlw	4
   408  007F16  6ED2               	movwf	210,c	;volatile
   409                           
   410                           ;mcc_generated_files/mcc.c: 65:     OSCTUNE = 0x00;
   411  007F18  0E00               	movlw	0
   412  007F1A  6E9B               	movwf	155,c	;volatile
   413  007F1C  0012               	return		;funcret
   414  007F1E                     __end_of_OSCILLATOR_Initialize:
   415                           	opt callstack 0
   416                           
   417 ;; *************** function _EUSART2_Initialize *****************
   418 ;; Defined at:
   419 ;;		line 66 in file "mcc_generated_files/eusart2.c"
   420 ;; Parameters:    Size  Location     Type
   421 ;;		None
   422 ;; Auto vars:     Size  Location     Type
   423 ;;		None
   424 ;; Return value:  Size  Location     Type
   425 ;;                  1    wreg      void 
   426 ;; Registers used:
   427 ;;		wreg, status,2, status,0, cstack
   428 ;; Tracked objects:
   429 ;;		On entry : 0/0
   430 ;;		On exit  : 0/0
   431 ;;		Unchanged: 0/0
   432 ;; Data sizes:     COMRAM   BANK0   BANK1   BANK2   BANK3   BANK4   BANK5
   433 ;;      Params:         0       0       0       0       0       0       0
   434 ;;      Locals:         0       0       0       0       0       0       0
   435 ;;      Temps:          0       0       0       0       0       0       0
   436 ;;      Totals:         0       0       0       0       0       0       0
   437 ;;Total ram usage:        0 bytes
   438 ;; Hardware stack levels used:    1
   439 ;; Hardware stack levels required when called:    1
   440 ;; This function calls:
   441 ;;		_EUSART2_SetErrorHandler
   442 ;;		_EUSART2_SetFramingErrorHandler
   443 ;;		_EUSART2_SetOverrunErrorHandler
   444 ;; This function is called by:
   445 ;;		_SYSTEM_Initialize
   446 ;; This function uses a non-reentrant model
   447 ;;
   448                           
   449                           	psect	text4
   450  007F82                     __ptext4:
   451                           	opt callstack 0
   452  007F82                     _EUSART2_Initialize:
   453                           	opt callstack 28
   454  007F82                     
   455                           ;mcc_generated_files/eusart2.c: 71:     BAUDCON2 = 0x08;
   456  007F82  0E08               	movlw	8
   457  007F84  6E70               	movwf	112,c	;volatile
   458                           
   459                           ;mcc_generated_files/eusart2.c: 74:     RCSTA2 = 0x90;
   460  007F86  0E90               	movlw	144
   461  007F88  6E71               	movwf	113,c	;volatile
   462                           
   463                           ;mcc_generated_files/eusart2.c: 77:     TXSTA2 = 0x24;
   464  007F8A  0E24               	movlw	36
   465  007F8C  6E72               	movwf	114,c	;volatile
   466                           
   467                           ;mcc_generated_files/eusart2.c: 80:     SPBRG2 = 0x0C;
   468  007F8E  0E0C               	movlw	12
   469  007F90  6E75               	movwf	117,c	;volatile
   470                           
   471                           ;mcc_generated_files/eusart2.c: 83:     SPBRGH2 = 0x00;
   472  007F92  0E00               	movlw	0
   473  007F94  6E76               	movwf	118,c	;volatile
   474  007F96                     
   475                           ;mcc_generated_files/eusart2.c: 86:     EUSART2_SetFramingErrorHandler(EUSART2_DefaultFr
      +                          amingErrorHandler);
   476  007F96  0E00               	movlw	0
   477  007F98  6E07               	movwf	EUSART2_SetFramingErrorHandler@interruptHandler^0,c
   478  007F9A  0E00               	movlw	0
   479  007F9C  6E08               	movwf	(EUSART2_SetFramingErrorHandler@interruptHandler+1)^0,c
   480  007F9E  EC78  F03F         	call	_EUSART2_SetFramingErrorHandler	;wreg free
   481  007FA2                     
   482                           ;mcc_generated_files/eusart2.c: 87:     EUSART2_SetOverrunErrorHandler(EUSART2_DefaultOv
      +                          errunErrorHandler);
   483  007FA2  0E00               	movlw	0
   484  007FA4  6E07               	movwf	EUSART2_SetOverrunErrorHandler@interruptHandler^0,c
   485  007FA6  0E00               	movlw	0
   486  007FA8  6E08               	movwf	(EUSART2_SetOverrunErrorHandler@interruptHandler+1)^0,c
   487  007FAA  EC7D  F03F         	call	_EUSART2_SetOverrunErrorHandler	;wreg free
   488  007FAE                     
   489                           ;mcc_generated_files/eusart2.c: 88:     EUSART2_SetErrorHandler(EUSART2_DefaultErrorHand
      +                          ler);
   490  007FAE  0E00               	movlw	0
   491  007FB0  6E07               	movwf	EUSART2_SetErrorHandler@interruptHandler^0,c
   492  007FB2  0E00               	movlw	0
   493  007FB4  6E08               	movwf	(EUSART2_SetErrorHandler@interruptHandler+1)^0,c
   494  007FB6  EC73  F03F         	call	_EUSART2_SetErrorHandler	;wreg free
   495  007FBA                     
   496                           ;mcc_generated_files/eusart2.c: 90:     eusart2RxLastError.status = 0;
   497  007FBA  0E00               	movlw	0
   498  007FBC  6E0A               	movwf	_eusart2RxLastError^0,c	;volatile
   499  007FBE  0012               	return		;funcret
   500  007FC0                     __end_of_EUSART2_Initialize:
   501                           	opt callstack 0
   502                           
   503 ;; *************** function _EUSART2_SetOverrunErrorHandler *****************
   504 ;; Defined at:
   505 ;;		line 170 in file "mcc_generated_files/eusart2.c"
   506 ;; Parameters:    Size  Location     Type
   507 ;;  interruptHan    2    0[COMRAM] PTR FTN()void 
   508 ;;		 -> EUSART2_DefaultOverrunErrorHandler(1), 
   509 ;; Auto vars:     Size  Location     Type
   510 ;;		None
   511 ;; Return value:  Size  Location     Type
   512 ;;                  1    wreg      void 
   513 ;; Registers used:
   514 ;;		wreg, status,2, status,0
   515 ;; Tracked objects:
   516 ;;		On entry : 0/0
   517 ;;		On exit  : 0/0
   518 ;;		Unchanged: 0/0
   519 ;; Data sizes:     COMRAM   BANK0   BANK1   BANK2   BANK3   BANK4   BANK5
   520 ;;      Params:         2       0       0       0       0       0       0
   521 ;;      Locals:         0       0       0       0       0       0       0
   522 ;;      Temps:          0       0       0       0       0       0       0
   523 ;;      Totals:         2       0       0       0       0       0       0
   524 ;;Total ram usage:        2 bytes
   525 ;; Hardware stack levels used:    1
   526 ;; This function calls:
   527 ;;		Nothing
   528 ;; This function is called by:
   529 ;;		_EUSART2_Initialize
   530 ;; This function uses a non-reentrant model
   531 ;;
   532                           
   533                           	psect	text5
   534  007EFA                     __ptext5:
   535                           	opt callstack 0
   536  007EFA                     _EUSART2_SetOverrunErrorHandler:
   537                           	opt callstack 28
   538  007EFA                     
   539                           ;mcc_generated_files/eusart2.c: 171:     EUSART2_OverrunErrorHandler = interruptHandler;
   540  007EFA  C007  F003         	movff	EUSART2_SetOverrunErrorHandler@interruptHandler,_EUSART2_OverrunErrorHandler
   541  007EFE  C008  F004         	movff	EUSART2_SetOverrunErrorHandler@interruptHandler+1,_EUSART2_OverrunErrorHandler+1
   542  007F02  0012               	return		;funcret
   543  007F04                     __end_of_EUSART2_SetOverrunErrorHandler:
   544                           	opt callstack 0
   545                           
   546 ;; *************** function _EUSART2_SetFramingErrorHandler *****************
   547 ;; Defined at:
   548 ;;		line 166 in file "mcc_generated_files/eusart2.c"
   549 ;; Parameters:    Size  Location     Type
   550 ;;  interruptHan    2    0[COMRAM] PTR FTN()void 
   551 ;;		 -> EUSART2_DefaultFramingErrorHandler(1), 
   552 ;; Auto vars:     Size  Location     Type
   553 ;;		None
   554 ;; Return value:  Size  Location     Type
   555 ;;                  1    wreg      void 
   556 ;; Registers used:
   557 ;;		wreg, status,2, status,0
   558 ;; Tracked objects:
   559 ;;		On entry : 0/0
   560 ;;		On exit  : 0/0
   561 ;;		Unchanged: 0/0
   562 ;; Data sizes:     COMRAM   BANK0   BANK1   BANK2   BANK3   BANK4   BANK5
   563 ;;      Params:         2       0       0       0       0       0       0
   564 ;;      Locals:         0       0       0       0       0       0       0
   565 ;;      Temps:          0       0       0       0       0       0       0
   566 ;;      Totals:         2       0       0       0       0       0       0
   567 ;;Total ram usage:        2 bytes
   568 ;; Hardware stack levels used:    1
   569 ;; This function calls:
   570 ;;		Nothing
   571 ;; This function is called by:
   572 ;;		_EUSART2_Initialize
   573 ;; This function uses a non-reentrant model
   574 ;;
   575                           
   576                           	psect	text6
   577  007EF0                     __ptext6:
   578                           	opt callstack 0
   579  007EF0                     _EUSART2_SetFramingErrorHandler:
   580                           	opt callstack 28
   581  007EF0                     
   582                           ;mcc_generated_files/eusart2.c: 167:     EUSART2_FramingErrorHandler = interruptHandler;
   583  007EF0  C007  F005         	movff	EUSART2_SetFramingErrorHandler@interruptHandler,_EUSART2_FramingErrorHandler
   584  007EF4  C008  F006         	movff	EUSART2_SetFramingErrorHandler@interruptHandler+1,_EUSART2_FramingErrorHandler+1
   585  007EF8  0012               	return		;funcret
   586  007EFA                     __end_of_EUSART2_SetFramingErrorHandler:
   587                           	opt callstack 0
   588                           
   589 ;; *************** function _EUSART2_SetErrorHandler *****************
   590 ;; Defined at:
   591 ;;		line 174 in file "mcc_generated_files/eusart2.c"
   592 ;; Parameters:    Size  Location     Type
   593 ;;  interruptHan    2    0[COMRAM] PTR FTN()void 
   594 ;;		 -> EUSART2_DefaultErrorHandler(1), 
   595 ;; Auto vars:     Size  Location     Type
   596 ;;		None
   597 ;; Return value:  Size  Location     Type
   598 ;;                  1    wreg      void 
   599 ;; Registers used:
   600 ;;		wreg, status,2, status,0
   601 ;; Tracked objects:
   602 ;;		On entry : 0/0
   603 ;;		On exit  : 0/0
   604 ;;		Unchanged: 0/0
   605 ;; Data sizes:     COMRAM   BANK0   BANK1   BANK2   BANK3   BANK4   BANK5
   606 ;;      Params:         2       0       0       0       0       0       0
   607 ;;      Locals:         0       0       0       0       0       0       0
   608 ;;      Temps:          0       0       0       0       0       0       0
   609 ;;      Totals:         2       0       0       0       0       0       0
   610 ;;Total ram usage:        2 bytes
   611 ;; Hardware stack levels used:    1
   612 ;; This function calls:
   613 ;;		Nothing
   614 ;; This function is called by:
   615 ;;		_EUSART2_Initialize
   616 ;; This function uses a non-reentrant model
   617 ;;
   618                           
   619                           	psect	text7
   620  007EE6                     __ptext7:
   621                           	opt callstack 0
   622  007EE6                     _EUSART2_SetErrorHandler:
   623                           	opt callstack 28
   624  007EE6                     
   625                           ;mcc_generated_files/eusart2.c: 175:     EUSART2_ErrorHandler = interruptHandler;
   626  007EE6  C007  F001         	movff	EUSART2_SetErrorHandler@interruptHandler,_EUSART2_ErrorHandler
   627  007EEA  C008  F002         	movff	EUSART2_SetErrorHandler@interruptHandler+1,_EUSART2_ErrorHandler+1
   628  007EEE  0012               	return		;funcret
   629  007EF0                     __end_of_EUSART2_SetErrorHandler:
   630                           	opt callstack 0
   631                           
   632 ;; *************** function _EUSART2_Write *****************
   633 ;; Defined at:
   634 ;;		line 132 in file "mcc_generated_files/eusart2.c"
   635 ;; Parameters:    Size  Location     Type
   636 ;;  txData          1    wreg     unsigned char 
   637 ;; Auto vars:     Size  Location     Type
   638 ;;  txData          1    0[COMRAM] unsigned char 
   639 ;; Return value:  Size  Location     Type
   640 ;;                  1    wreg      void 
   641 ;; Registers used:
   642 ;;		wreg
   643 ;; Tracked objects:
   644 ;;		On entry : 0/0
   645 ;;		On exit  : 0/0
   646 ;;		Unchanged: 0/0
   647 ;; Data sizes:     COMRAM   BANK0   BANK1   BANK2   BANK3   BANK4   BANK5
   648 ;;      Params:         0       0       0       0       0       0       0
   649 ;;      Locals:         1       0       0       0       0       0       0
   650 ;;      Temps:          0       0       0       0       0       0       0
   651 ;;      Totals:         1       0       0       0       0       0       0
   652 ;;Total ram usage:        1 bytes
   653 ;; Hardware stack levels used:    1
   654 ;; This function calls:
   655 ;;		Nothing
   656 ;; This function is called by:
   657 ;;		_main
   658 ;;		_putch
   659 ;; This function uses a non-reentrant model
   660 ;;
   661                           
   662                           	psect	text8
   663  007F2C                     __ptext8:
   664                           	opt callstack 0
   665  007F2C                     _EUSART2_Write:
   666                           	opt callstack 30
   667                           
   668                           ;incstack = 0
   669                           ;EUSART2_Write@txData stored from wreg
   670  007F2C  6E07               	movwf	EUSART2_Write@txData^0,c
   671  007F2E                     l81:
   672                           
   673                           ;mcc_generated_files/eusart2.c: 134:     while(0 == PIR3bits.TX2IF)
   674  007F2E  A8A4               	btfss	164,4,c	;volatile
   675  007F30  EF9C  F03F         	goto	u31
   676  007F34  EF9E  F03F         	goto	u30
   677  007F38                     u31:
   678  007F38  EF97  F03F         	goto	l81
   679  007F3C                     u30:
   680  007F3C                     
   681                           ;mcc_generated_files/eusart2.c: 138:     TXREG2 = txData;
   682  007F3C  C007  FF73         	movff	EUSART2_Write@txData,3955	;volatile
   683  007F40  0012               	return		;funcret
   684  007F42                     __end_of_EUSART2_Write:
   685                           	opt callstack 0
   686                           
   687 ;; *************** function _EUSART2_Read *****************
   688 ;; Defined at:
   689 ;;		line 113 in file "mcc_generated_files/eusart2.c"
   690 ;; Parameters:    Size  Location     Type
   691 ;;		None
   692 ;; Auto vars:     Size  Location     Type
   693 ;;		None
   694 ;; Return value:  Size  Location     Type
   695 ;;                  1    wreg      unsigned char 
   696 ;; Registers used:
   697 ;;		wreg, status,2
   698 ;; Tracked objects:
   699 ;;		On entry : 0/0
   700 ;;		On exit  : 0/0
   701 ;;		Unchanged: 0/0
   702 ;; Data sizes:     COMRAM   BANK0   BANK1   BANK2   BANK3   BANK4   BANK5
   703 ;;      Params:         0       0       0       0       0       0       0
   704 ;;      Locals:         0       0       0       0       0       0       0
   705 ;;      Temps:          0       0       0       0       0       0       0
   706 ;;      Totals:         0       0       0       0       0       0       0
   707 ;;Total ram usage:        0 bytes
   708 ;; Hardware stack levels used:    1
   709 ;; This function calls:
   710 ;;		Nothing
   711 ;; This function is called by:
   712 ;;		_main
   713 ;;		_getch
   714 ;; This function uses a non-reentrant model
   715 ;;
   716                           
   717                           	psect	text9
   718  007F5A                     __ptext9:
   719                           	opt callstack 0
   720  007F5A                     _EUSART2_Read:
   721                           	opt callstack 30
   722  007F5A                     l74:
   723                           
   724                           ;mcc_generated_files/eusart2.c: 115:     while(!PIR3bits.RC2IF)
   725  007F5A  AAA4               	btfss	164,5,c	;volatile
   726  007F5C  EFB2  F03F         	goto	u11
   727  007F60  EFB4  F03F         	goto	u10
   728  007F64                     u11:
   729  007F64  EFAD  F03F         	goto	l74
   730  007F68                     u10:
   731  007F68                     
   732                           ;mcc_generated_files/eusart2.c: 119:     eusart2RxLastError.status = 0;
   733  007F68  0E00               	movlw	0
   734  007F6A  6E0A               	movwf	_eusart2RxLastError^0,c	;volatile
   735  007F6C                     
   736                           ;mcc_generated_files/eusart2.c: 121:     if(1 == RCSTA2bits.OERR)
   737  007F6C  A271               	btfss	113,1,c	;volatile
   738  007F6E  EFBB  F03F         	goto	u21
   739  007F72  EFBD  F03F         	goto	u20
   740  007F76                     u21:
   741  007F76  EFBF  F03F         	goto	l884
   742  007F7A                     u20:
   743  007F7A                     
   744                           ;mcc_generated_files/eusart2.c: 122:     {;mcc_generated_files/eusart2.c: 125:         R
      +                          CSTA2bits.CREN = 0;
   745  007F7A  9871               	bcf	113,4,c	;volatile
   746                           
   747                           ;mcc_generated_files/eusart2.c: 126:         RCSTA2bits.CREN = 1;
   748  007F7C  8871               	bsf	113,4,c	;volatile
   749  007F7E                     l884:
   750                           
   751                           ;mcc_generated_files/eusart2.c: 129:     return RCREG2;
   752  007F7E  5074               	movf	116,w,c	;volatile
   753  007F80  0012               	return		;funcret
   754  007F82                     __end_of_EUSART2_Read:
   755                           	opt callstack 0
   756  0000                     
   757                           	psect	rparam
   758  0000                     tosu	equ	0xFFF
   759                           tosh	equ	0xFFE
   760                           tosl	equ	0xFFD
   761                           stkptr	equ	0xFFC
   762                           pclatu	equ	0xFFB
   763                           pclath	equ	0xFFA
   764                           pcl	equ	0xFF9
   765                           tblptru	equ	0xFF8
   766                           tblptrh	equ	0xFF7
   767                           tblptrl	equ	0xFF6
   768                           tablat	equ	0xFF5
   769                           prodh	equ	0xFF4
   770                           prodl	equ	0xFF3
   771                           indf0	equ	0xFEF
   772                           postinc0	equ	0xFEE
   773                           postdec0	equ	0xFED
   774                           preinc0	equ	0xFEC
   775                           plusw0	equ	0xFEB
   776                           fsr0h	equ	0xFEA
   777                           fsr0l	equ	0xFE9
   778                           wreg	equ	0xFE8
   779                           indf1	equ	0xFE7
   780                           postinc1	equ	0xFE6
   781                           postdec1	equ	0xFE5
   782                           preinc1	equ	0xFE4
   783                           plusw1	equ	0xFE3
   784                           fsr1h	equ	0xFE2
   785                           fsr1l	equ	0xFE1
   786                           bsr	equ	0xFE0
   787                           indf2	equ	0xFDF
   788                           postinc2	equ	0xFDE
   789                           postdec2	equ	0xFDD
   790                           preinc2	equ	0xFDC
   791                           plusw2	equ	0xFDB
   792                           fsr2h	equ	0xFDA
   793                           fsr2l	equ	0xFD9
   794                           status	equ	0xFD8


Data Sizes:
    Strings     0
    Constant    0
    Data        0
    BSS         1
    Persistent  6
    Stack       0

Auto Spaces:
    Space          Size  Autos    Used
    COMRAM           95      3      10
    BANK0           160      0       0
    BANK1           256      0       0
    BANK2           256      0       0
    BANK3           256      0       0
    BANK4           256      0       0
    BANK5           256      0       0

Pointer List with Targets:

    EUSART2_SetErrorHandler@interruptHandler	PTR FTN()void  size(2) Largest target is 1
		 -> EUSART2_DefaultErrorHandler(), 

    EUSART2_ErrorHandler	PTR FTN()void  size(2) Largest target is 1
		 -> Absolute function(), EUSART2_DefaultErrorHandler(), 

    EUSART2_SetOverrunErrorHandler@interruptHandler	PTR FTN()void  size(2) Largest target is 1
		 -> EUSART2_DefaultOverrunErrorHandler(), 

    EUSART2_OverrunErrorHandler	PTR FTN()void  size(2) Largest target is 1
		 -> Absolute function(), EUSART2_DefaultOverrunErrorHandler(), 

    EUSART2_SetFramingErrorHandler@interruptHandler	PTR FTN()void  size(2) Largest target is 1
		 -> EUSART2_DefaultFramingErrorHandler(), 

    EUSART2_FramingErrorHandler	PTR FTN()void  size(2) Largest target is 1
		 -> Absolute function(), EUSART2_DefaultFramingErrorHandler(), 


Critical Paths under _main in COMRAM

    _EUSART2_Initialize->_EUSART2_SetErrorHandler
    _EUSART2_Initialize->_EUSART2_SetFramingErrorHandler
    _EUSART2_Initialize->_EUSART2_SetOverrunErrorHandler

Critical Paths under _main in BANK0

    None.

Critical Paths under _main in BANK1

    None.

Critical Paths under _main in BANK2

    None.

Critical Paths under _main in BANK3

    None.

Critical Paths under _main in BANK4

    None.

Critical Paths under _main in BANK5

    None.

Call Graph Tables:

 ---------------------------------------------------------------------------------
 (Depth) Function   	        Calls       Base Space   Used Autos Params    Refs
 ---------------------------------------------------------------------------------
 (0) _main                                                 1     1      0     333
                                              2 COMRAM     1     1      0
                       _EUSART2_Read
                      _EUSART2_Write
                  _SYSTEM_Initialize
 ---------------------------------------------------------------------------------
 (1) _SYSTEM_Initialize                                    0     0      0     294
                 _EUSART2_Initialize
              _OSCILLATOR_Initialize
             _PIN_MANAGER_Initialize
 ---------------------------------------------------------------------------------
 (2) _PIN_MANAGER_Initialize                               0     0      0       0
 ---------------------------------------------------------------------------------
 (2) _OSCILLATOR_Initialize                                0     0      0       0
 ---------------------------------------------------------------------------------
 (2) _EUSART2_Initialize                                   0     0      0     294
            _EUSART2_SetErrorHandler
     _EUSART2_SetFramingErrorHandler
     _EUSART2_SetOverrunErrorHandler
 ---------------------------------------------------------------------------------
 (3) _EUSART2_SetOverrunErrorHandler                       2     0      2      98
                                              0 COMRAM     2     0      2
 ---------------------------------------------------------------------------------
 (3) _EUSART2_SetFramingErrorHandler                       2     0      2      98
                                              0 COMRAM     2     0      2
 ---------------------------------------------------------------------------------
 (3) _EUSART2_SetErrorHandler                              2     0      2      98
                                              0 COMRAM     2     0      2
 ---------------------------------------------------------------------------------
 (1) _EUSART2_Write                                        1     1      0      15
                                              0 COMRAM     1     1      0
 ---------------------------------------------------------------------------------
 (1) _EUSART2_Read                                         0     0      0       0
 ---------------------------------------------------------------------------------
 Estimated maximum stack depth 3
 ---------------------------------------------------------------------------------

 Call Graph Graphs:

 _main (ROOT)
   _EUSART2_Read
   _EUSART2_Write
   _SYSTEM_Initialize
     _EUSART2_Initialize
       _EUSART2_SetErrorHandler
       _EUSART2_SetFramingErrorHandler
       _EUSART2_SetOverrunErrorHandler
     _OSCILLATOR_Initialize
     _PIN_MANAGER_Initialize

 Address spaces:
Name               Size   Autos  Total    Cost      Usage
BIGRAM             5FF      0       0      16        0.0%
EEDATA             100      0       0       0        0.0%
BITBANK5           100      0       0      14        0.0%
BANK5              100      0       0      15        0.0%
BITBANK4           100      0       0      12        0.0%
BANK4              100      0       0      13        0.0%
BITBANK3           100      0       0      10        0.0%
BANK3              100      0       0      11        0.0%
BITBANK2           100      0       0       7        0.0%
BANK2              100      0       0       8        0.0%
BITBANK1           100      0       0       5        0.0%
BANK1              100      0       0       6        0.0%
BITBANK0            A0      0       0       3        0.0%
BANK0               A0      0       0       4        0.0%
BITCOMRAM           5F      0       0       0        0.0%
COMRAM              5F      3       A       1       10.5%
BITSFR_1             0      0       0     200        0.0%
SFR_1                0      0       0     200        0.0%
BITSFR               0      0       0     200        0.0%
SFR                  0      0       0     200        0.0%
STACK                0      0       0       2        0.0%
NULL                 0      0       0       0        0.0%
ABS                  0      0       A       9        0.0%
DATA                 0      0       A      17        0.0%
CODE                 0      0       0       0        0.0%


Microchip Technology PIC18 Macro Assembler V2.10 build 88905656 
Symbol Table                                                                                   Sun Mar 01 12:54:24 2020

                                            l81 7F2E                                              l57 7FBE  
                                            l74 7F5A                                              l84 7F40  
                                            l78 7F80                                              u10 7F68  
                                            u11 7F64                                              u20 7F7A  
                                            u21 7F76                                              u30 7F3C  
                                            u31 7F38                                    __CFG_CP0$OFF 000000  
                                  __CFG_CP1$OFF 000000                                    __CFG_CP2$OFF 000000  
                                  __CFG_CP3$OFF 000000                                     __CFG_LVP$ON 000000  
                                           l102 7EF8                                             l105 7F02  
                                           l123 7F2A                                             l108 7EEE  
                                           l126 7F1C                                             l165 7FFE  
                                           l930 7EE6                                             l940 7FBA  
                                           l932 7F82                                             l860 7FC0  
                                           l926 7EF0                                             l934 7F96  
                                           l870 7F10                                             l862 7FD8  
                                           l942 7F1E                                             l950 7F46  
                                           l880 7F6C                                             l928 7EFA  
                                           l936 7FA2                                             l864 7FDA  
                                           l944 7F26                                             l952 7F4C  
                                           l882 7F7A                                             l890 7F3C  
                                           l938 7FAE                                             l866 7FDC  
                                           l946 7F42                                             l884 7F7E  
                                           l876 7F5A                                             l868 7FFC  
                                           l948 7F46                                             l878 7F68  
                                           l888 7F2E                                    __CFG_CPB$OFF 000000  
                                  __CFG_CPD$OFF 000000          __end_of_EUSART2_SetFramingErrorHandler 7EFA  
       __size_of_EUSART2_SetFramingErrorHandler 000A                  _EUSART2_SetFramingErrorHandler 7EF0  
                                    _TXSTA2bits 000F72                                            _LATA 000F89  
                                          _LATB 000F8A                                            _LATC 000F8B  
                                          _LATD 000F8C                                            _LATE 000F8D  
                                          _WPUB 000F61                                   _EUSART2_Write 7F2C  
                                          _main 7F42                                   ?_EUSART2_Read 0007  
                                 __CFG_BORV$190 000000                                            start 0000  
                                 __CFG_IESO$OFF 000000                                    ___param_bank 000000  
                __size_of_OSCILLATOR_Initialize 000E                   __end_of_OSCILLATOR_Initialize 7F1E  
                                         ?_main 0007                                  __CFG_DEBUG$OFF 000000  
                                         _TRISA 000F92                                           _TRISB 000F93  
                                         _TRISC 000F94                                           _TRISD 000F95  
                                         _TRISE 000F96                                   __CFG_WRT0$OFF 000000  
                                 __CFG_WRT1$OFF 000000                                   __CFG_WRT2$OFF 000000  
                                 __CFG_WRT3$OFF 000000                                  __CFG_EBTR0$OFF 000000  
                                __CFG_FCMEN$OFF 000000                                  __CFG_EBTR1$OFF 000000  
                                __CFG_EBTR2$OFF 000000                                  __CFG_EBTR3$OFF 000000  
                                 __CFG_WRTB$OFF 000000                                   __CFG_WRTC$OFF 000000  
                                 __CFG_WRTD$OFF 000000                                  __CFG_EBTRB$OFF 000000  
                            __CFG_MCLRE$EXTMCLR 000000                                           main@x 0009  
                                ?_EUSART2_Write 0007                                  ??_EUSART2_Read 0007  
                                __CFG_HFOFST$ON 000000                                  __CFG_PBADEN$ON 000000  
                               __initialization 7F04                                    __end_of_main 7F5A  
                                        ??_main 0009                                   __activetblptr 000002  
                   _EUSART2_DefaultErrorHandler 000000                      __end_of_EUSART2_Initialize 7FC0  
                                        _ANSELA 000F38                                          _ANSELB 000F39  
                                        _ANSELC 000F3A                                          _ANSELD 000F3B  
                                        _ANSELE 000F3C                                  __CFG_WDTEN$OFF 000000  
                                        _RCREG2 000F74                                          _RCSTA2 000F71  
                                        _OSCCON 000FD3                                          _SPBRG2 000F75  
                                        _TXREG2 000F73                                          _TXSTA2 000F72  
                                __CFG_XINST$OFF 000000                                  __CFG_STVREN$ON 000000  
                   _EUSART2_FramingErrorHandler 0005                                          tblptru 000FF8  
                               ??_EUSART2_Write 0007                               _SYSTEM_Initialize 7F1E  
                                    __accesstop 0060                         __end_of__initialization 7F06  
                            ?_SYSTEM_Initialize 0007                                   ___rparam_used 000001  
                                __pcstackCOMRAM 0007                             ??_SYSTEM_Initialize 0009  
                          __end_of_EUSART2_Read 7F82                        ?_EUSART2_SetErrorHandler 0007  
                     __end_of_SYSTEM_Initialize 7F2C                                 __CFG_PLLCFG$OFF 000000  
              ??_EUSART2_SetFramingErrorHandler 0009                 ?_EUSART2_SetFramingErrorHandler 0007  
                                    __pnvCOMRAM 0001                              __CFG_CCP2MX$PORTC1 000000  
                            __CFG_CCP3MX$PORTB5 000000                                         _OSCCON2 000FD2  
                                       _OSCTUNE 000F9B                                         _SPBRGH2 000F76  
                               __CFG_PWRTEN$OFF 000000                                         __Hparam 0000  
                                       __Lparam 0000                                         __pcinit 7F04  
               __end_of_EUSART2_SetErrorHandler 7EF0                                         __ramtop 0600  
                                       __ptext0 7F42                                         __ptext1 7F1E  
                                       __ptext2 7FC0                                         __ptext3 7F10  
                                       __ptext4 7F82                                         __ptext5 7EFA  
                                       __ptext6 7EF0                                         __ptext7 7EE6  
                                       __ptext8 7F2C                                         __ptext9 7F5A  
            _EUSART2_DefaultOverrunErrorHandler 000000                           _OSCILLATOR_Initialize 7F10  
                      ??_PIN_MANAGER_Initialize 0007                      __size_of_SYSTEM_Initialize 000E  
                          end_of_initialization 7F06                                   __Lmediumconst 0000  
                            _EUSART2_Initialize 7F82                           __size_of_EUSART2_Read 0028  
                           ?_EUSART2_Initialize 0007                            ??_EUSART2_Initialize 0009  
                                  _EUSART2_Read 7F5A                          ?_OSCILLATOR_Initialize 0007  
                           start_initialization 7F04                 __size_of_PIN_MANAGER_Initialize 0040  
                         __end_of_EUSART2_Write 7F42                __size_of_EUSART2_SetErrorHandler 000A  
        __end_of_EUSART2_SetOverrunErrorHandler 7F04         __size_of_EUSART2_SetOverrunErrorHandler 000A  
                _EUSART2_SetOverrunErrorHandler 7EFA                                     __pbssCOMRAM 000A  
                           EUSART2_Write@txData 0007                          _PIN_MANAGER_Initialize 7FC0  
                              __CFG_PRICLKEN$ON 000000                                        _BAUDCON2 000F70  
       EUSART2_SetErrorHandler@interruptHandler 0007                                        _PIR3bits 000FA4  
                              __CFG_WDTPS$32768 000000                                     _INTCON2bits 000FF1  
                       _EUSART2_SetErrorHandler 7EE6                     _EUSART2_OverrunErrorHandler 0003  
                                      __Hrparam 0000                                        __Lrparam 0000  
                            __CFG_BOREN$SBORDIS 000000                               __CFG_P2BMX$PORTD2 000000  
                       ??_OSCILLATOR_Initialize 0007                            _EUSART2_ErrorHandler 0001  
                   __size_of_EUSART2_Initialize 003E                                   __size_of_main 0018  
            _EUSART2_DefaultFramingErrorHandler 000000  EUSART2_SetOverrunErrorHandler@interruptHandler 0007  
              ??_EUSART2_SetOverrunErrorHandler 0009                 ?_EUSART2_SetOverrunErrorHandler 0007  
                                    _INTCONbits 000FF2                       ??_EUSART2_SetErrorHandler 0009  
                       ?_PIN_MANAGER_Initialize 0007                                      _RCSTA2bits 000F71  
EUSART2_SetFramingErrorHandler@interruptHandler 0007                          __size_of_EUSART2_Write 0016  
                             __CFG_T3CMX$PORTC0 000000                  __end_of_PIN_MANAGER_Initialize 8000  
                            _eusart2RxLastError 000A                               __CFG_FOSC$INTIO67 000000  
