

Microchip MPLAB XC8 Assembler V2.10 build 88905656 
                                                                                               Tue Dec 31 11:29:35 2019

Microchip MPLAB XC8 C Compiler v2.10 (Free license) build 20190730164152 Og1 
     1                           	processor	18F45K22
     2                           	fnconf	rparam,??,?,0
     3                           	opt	pw 120
     4                           	opt	flic
     5                           	psect	nvCOMRAM,global,class=COMRAM,space=1,delta=1,noexec
     6                           	psect	cinit,global,reloc=2,class=CODE,delta=1
     7                           	psect	bssCOMRAM,global,class=COMRAM,space=1,delta=1,noexec
     8                           	psect	cstackCOMRAM,global,class=COMRAM,space=1,delta=1,noexec
     9                           	psect	text0,global,reloc=2,class=CODE,delta=1
    10                           	psect	text1,global,reloc=2,class=CODE,delta=1
    11                           	psect	text2,global,reloc=2,class=CODE,delta=1
    12                           	psect	text3,global,reloc=2,class=CODE,delta=1
    13                           	psect	text4,global,reloc=2,class=CODE,delta=1
    14                           	psect	text5,global,reloc=2,class=CODE,delta=1
    15                           	psect	text6,global,reloc=2,class=CODE,delta=1
    16                           	psect	text7,global,reloc=2,class=CODE,delta=1
    17                           	psect	text8,global,reloc=2,class=CODE,delta=1
    18                           	psect	text9,global,reloc=2,class=CODE,delta=1
    19                           	psect	intsave_regs,global,class=BIGRAM,space=1,delta=1,noexec
    20                           	psect	rparam,global,class=COMRAM,space=1,delta=1,noexec
    21  0000                     
    22                           ; Version 2.10
    23                           ; Generated 31/07/2019 GMT
    24                           ; 
    25                           ; Copyright © 2019, Microchip Technology Inc. and its subsidiaries ("Microchip")
    26                           ; All rights reserved.
    27                           ; 
    28                           ; This software is developed by Microchip Technology Inc. and its subsidiaries ("Microch
      +                          ip").
    29                           ; 
    30                           ; Redistribution and use in source and binary forms, with or without modification, are
    31                           ; permitted provided that the following conditions are met:
    32                           ; 
    33                           ;     1. Redistributions of source code must retain the above copyright notice, this lis
      +                          t of
    34                           ;        conditions and the following disclaimer.
    35                           ; 
    36                           ;     2. Redistributions in binary form must reproduce the above copyright notice, this 
      +                          list
    37                           ;        of conditions and the following disclaimer in the documentation and/or other
    38                           ;        materials provided with the distribution.
    39                           ; 
    40                           ;     3. Microchip's name may not be used to endorse or promote products derived from th
      +                          is
    41                           ;        software without specific prior written permission.
    42                           ; 
    43                           ; THIS SOFTWARE IS PROVIDED BY MICROCHIP "AS IS" AND ANY EXPRESS OR IMPLIED WARRANTIES,
    44                           ; INCLUDING, BUT NOT LIMITED TO, THE IMPLIED WARRANTIES OF MERCHANTABILITY AND FITNESS F
      +                          OR
    45                           ; PURPOSE ARE DISCLAIMED.  IN NO EVENT SHALL MICROCHIP BE LIABLE FOR ANY DIRECT, INDIREC
      +                          T,
    46                           ; INCIDENTAL, SPECIAL, EXEMPLARY, OR CONSEQUENTIAL DAMAGES (INCLUDING BUT NOT LIMITED TO
    47                           ; PROCUREMENT OF SUBSTITUTE GOODS OR SERVICES; LOSS OF USE, DATA OR PROFITS; OR BUSINESS
    48                           ; INTERRUPTION) HOWSOEVER CAUSED AND ON ANY THEORY OF LIABILITY, WHETHER IN CONTRACT, ST
      +                          RICT
    49                           ; LIABILITY, OR TORT (INCLUDING NEGLIGENCE OR OTHERWISE) ARISING IN ANY WAY OUT OF THE U
      +                          SE OF
    50                           ; THIS SOFTWARE, EVEN IF ADVISED OF THE POSSIBILITY OF SUCH DAMAGE.
    51                           ; 
    52                           ; 
    53                           ; Code-generator required, PIC18F45K22 Definitions
    54                           ; 
    55                           ; SFR Addresses
    56  0000                     
    57 ;; Function _EUSART2_DefaultFramingErrorHandler is unused but had its address taken
    58  0000                     
    59 ;; Function _EUSART2_DefaultOverrunErrorHandler is unused but had its address taken
    60  0000                     
    61 ;; Function _EUSART2_DefaultErrorHandler is unused but had its address taken
    62  0000                     
    63                           	psect	nvCOMRAM
    64  000001                     __pnvCOMRAM:
    65                           	opt callstack 0
    66  000001                     _EUSART2_ErrorHandler:
    67                           	opt callstack 0
    68  000001                     	ds	2
    69  000003                     _EUSART2_OverrunErrorHandler:
    70                           	opt callstack 0
    71  000003                     	ds	2
    72  000005                     _EUSART2_FramingErrorHandler:
    73                           	opt callstack 0
    74  000005                     	ds	2
    75  0000                     _ANSELA	set	3896
    76  0000                     _ANSELE	set	3900
    77  0000                     _ANSELB	set	3897
    78  0000                     _ANSELC	set	3898
    79  0000                     _ANSELD	set	3899
    80  0000                     _ADCON0bits	set	4034
    81  0000                     _ADRESH	set	4036
    82  0000                     _ADRESL	set	4035
    83  0000                     _ADCON2	set	4032
    84  0000                     _ADCON1	set	4033
    85  0000                     _ADCON0	set	4034
    86  0000                     _INTCONbits	set	4082
    87  0000                     _INTCON2bits	set	4081
    88  0000                     _WPUB	set	3937
    89  0000                     _TRISD	set	3989
    90  0000                     _TRISC	set	3988
    91  0000                     _TRISB	set	3987
    92  0000                     _TRISA	set	3986
    93  0000                     _TRISE	set	3990
    94  0000                     _LATC	set	3979
    95  0000                     _LATB	set	3978
    96  0000                     _LATA	set	3977
    97  0000                     _LATD	set	3980
    98  0000                     _LATE	set	3981
    99  0000                     _OSCTUNE	set	3995
   100  0000                     _OSCCON2	set	4050
   101  0000                     _OSCCON	set	4051
   102  0000                     _TXREG2	set	3955
   103  0000                     _RCREG2	set	3956
   104  0000                     _RCSTA2bits	set	3953
   105  0000                     _TXSTA2bits	set	3954
   106  0000                     _PIR3bits	set	4004
   107  0000                     _SPBRGH2	set	3958
   108  0000                     _SPBRG2	set	3957
   109  0000                     _TXSTA2	set	3954
   110  0000                     _RCSTA2	set	3953
   111  0000                     _BAUDCON2	set	3952
   112                           
   113                           ; #config settings
   114  0000                     
   115                           	psect	cinit
   116  007F10                     __pcinit:
   117                           	opt callstack 0
   118  007F10                     start_initialization:
   119                           	opt callstack 0
   120  007F10                     __initialization:
   121                           	opt callstack 0
   122                           
   123                           ; Clear objects allocated to COMRAM (1 bytes)
   124  007F10  6A09               	clrf	__pbssCOMRAM& (0+255),c
   125  007F12                     end_of_initialization:
   126                           	opt callstack 0
   127  007F12                     __end_of__initialization:
   128                           	opt callstack 0
   129  007F12  0E00               	movlw	low (__Lmediumconst shr (0+16))
   130  007F14  6EF8               	movwf	tblptru,c
   131  007F16  0100               	movlb	0
   132  007F18  EFB4  F03F         	goto	_main	;jump to C main() function
   133                           
   134                           	psect	bssCOMRAM
   135  000009                     __pbssCOMRAM:
   136                           	opt callstack 0
   137  000009                     _eusart2RxLastError:
   138                           	opt callstack 0
   139  000009                     	ds	1
   140                           
   141                           	psect	cstackCOMRAM
   142  000007                     __pcstackCOMRAM:
   143                           	opt callstack 0
   144  000007                     EUSART2_Write@txData:
   145                           	opt callstack 0
   146  000007                     EUSART2_SetFramingErrorHandler@interruptHandler:
   147                           	opt callstack 0
   148  000007                     EUSART2_SetOverrunErrorHandler@interruptHandler:
   149                           	opt callstack 0
   150  000007                     EUSART2_SetErrorHandler@interruptHandler:
   151                           	opt callstack 0
   152                           
   153                           ; 2 bytes @ 0x0
   154  000007                     	ds	2
   155  000009                     
   156                           ; 1 bytes @ 0x2
   157 ;;
   158 ;;Main: autosize = 0, tempsize = 0, incstack = 0, save=0
   159 ;;
   160 ;; *************** function _main *****************
   161 ;; Defined at:
   162 ;;		line 49 in file "main.c"
   163 ;; Parameters:    Size  Location     Type
   164 ;;		None
   165 ;; Auto vars:     Size  Location     Type
   166 ;;  x               1    0        unsigned char 
   167 ;; Return value:  Size  Location     Type
   168 ;;                  1    wreg      void 
   169 ;; Registers used:
   170 ;;		wreg, status,2, status,0, cstack
   171 ;; Tracked objects:
   172 ;;		On entry : 0/0
   173 ;;		On exit  : 0/0
   174 ;;		Unchanged: 0/0
   175 ;; Data sizes:     COMRAM   BANK0   BANK1   BANK2   BANK3   BANK4   BANK5
   176 ;;      Params:         0       0       0       0       0       0       0
   177 ;;      Locals:         1       0       0       0       0       0       0
   178 ;;      Temps:          0       0       0       0       0       0       0
   179 ;;      Totals:         1       0       0       0       0       0       0
   180 ;;Total ram usage:        1 bytes
   181 ;; Hardware stack levels required when called:    3
   182 ;; This function calls:
   183 ;;		_EUSART2_Initialize
   184 ;;		_EUSART2_Write
   185 ;;		_SYSTEM_Initialize
   186 ;; This function is called by:
   187 ;;		Startup code after reset
   188 ;; This function uses a non-reentrant model
   189 ;;
   190                           
   191                           	psect	text0
   192  007F68                     __ptext0:
   193                           	opt callstack 0
   194  007F68                     _main:
   195                           	opt callstack 28
   196  007F68                     
   197                           ;main.c: 52:     SYSTEM_Initialize();
   198  007F68  EC95  F03F         	call	_SYSTEM_Initialize	;wreg free
   199                           
   200                           ;main.c: 53:     EUSART2_Initialize();
   201  007F6C  ECBF  F03F         	call	_EUSART2_Initialize	;wreg free
   202  007F70                     l993:
   203                           
   204                           ;main.c: 57:     {;main.c: 58:         EUSART2_Write(x);
   205  007F70  0E61               	movlw	97
   206  007F72  EC9E  F03F         	call	_EUSART2_Write
   207  007F76  EFB8  F03F         	goto	l993
   208  007F7A  EF00  F000         	goto	start
   209  007F7E                     __end_of_main:
   210                           	opt callstack 0
   211                           
   212 ;; *************** function _SYSTEM_Initialize *****************
   213 ;; Defined at:
   214 ;;		line 50 in file "mcc_generated_files/mcc.c"
   215 ;; Parameters:    Size  Location     Type
   216 ;;		None
   217 ;; Auto vars:     Size  Location     Type
   218 ;;		None
   219 ;; Return value:  Size  Location     Type
   220 ;;                  1    wreg      void 
   221 ;; Registers used:
   222 ;;		wreg, status,2, status,0, cstack
   223 ;; Tracked objects:
   224 ;;		On entry : 0/0
   225 ;;		On exit  : 0/0
   226 ;;		Unchanged: 0/0
   227 ;; Data sizes:     COMRAM   BANK0   BANK1   BANK2   BANK3   BANK4   BANK5
   228 ;;      Params:         0       0       0       0       0       0       0
   229 ;;      Locals:         0       0       0       0       0       0       0
   230 ;;      Temps:          0       0       0       0       0       0       0
   231 ;;      Totals:         0       0       0       0       0       0       0
   232 ;;Total ram usage:        0 bytes
   233 ;; Hardware stack levels used:    1
   234 ;; Hardware stack levels required when called:    2
   235 ;; This function calls:
   236 ;;		_ADC_Initialize
   237 ;;		_EUSART2_Initialize
   238 ;;		_OSCILLATOR_Initialize
   239 ;;		_PIN_MANAGER_Initialize
   240 ;; This function is called by:
   241 ;;		_main
   242 ;; This function uses a non-reentrant model
   243 ;;
   244                           
   245                           	psect	text1
   246  007F2A                     __ptext1:
   247                           	opt callstack 0
   248  007F2A                     _SYSTEM_Initialize:
   249                           	opt callstack 28
   250  007F2A                     
   251                           ;mcc_generated_files/mcc.c: 53:     PIN_MANAGER_Initialize();
   252  007F2A  ECDE  F03F         	call	_PIN_MANAGER_Initialize	;wreg free
   253                           
   254                           ;mcc_generated_files/mcc.c: 54:     OSCILLATOR_Initialize();
   255  007F2E  EC8E  F03F         	call	_OSCILLATOR_Initialize	;wreg free
   256                           
   257                           ;mcc_generated_files/mcc.c: 55:     ADC_Initialize();
   258  007F32  ECA9  F03F         	call	_ADC_Initialize	;wreg free
   259  007F36                     
   260                           ;mcc_generated_files/mcc.c: 56:     EUSART2_Initialize();
   261  007F36  ECBF  F03F         	call	_EUSART2_Initialize	;wreg free
   262  007F3A  0012               	return		;funcret
   263  007F3C                     __end_of_SYSTEM_Initialize:
   264                           	opt callstack 0
   265                           
   266 ;; *************** function _PIN_MANAGER_Initialize *****************
   267 ;; Defined at:
   268 ;;		line 55 in file "mcc_generated_files/pin_manager.c"
   269 ;; Parameters:    Size  Location     Type
   270 ;;		None
   271 ;; Auto vars:     Size  Location     Type
   272 ;;		None
   273 ;; Return value:  Size  Location     Type
   274 ;;                  1    wreg      void 
   275 ;; Registers used:
   276 ;;		wreg, status,2
   277 ;; Tracked objects:
   278 ;;		On entry : 0/0
   279 ;;		On exit  : 0/0
   280 ;;		Unchanged: 0/0
   281 ;; Data sizes:     COMRAM   BANK0   BANK1   BANK2   BANK3   BANK4   BANK5
   282 ;;      Params:         0       0       0       0       0       0       0
   283 ;;      Locals:         0       0       0       0       0       0       0
   284 ;;      Temps:          0       0       0       0       0       0       0
   285 ;;      Totals:         0       0       0       0       0       0       0
   286 ;;Total ram usage:        0 bytes
   287 ;; Hardware stack levels used:    1
   288 ;; This function calls:
   289 ;;		Nothing
   290 ;; This function is called by:
   291 ;;		_SYSTEM_Initialize
   292 ;; This function uses a non-reentrant model
   293 ;;
   294                           
   295                           	psect	text2
   296  007FBC                     __ptext2:
   297                           	opt callstack 0
   298  007FBC                     _PIN_MANAGER_Initialize:
   299                           	opt callstack 29
   300  007FBC                     
   301                           ;mcc_generated_files/pin_manager.c: 60:     LATE = 0x00;
   302  007FBC  0E00               	movlw	0
   303  007FBE  6E8D               	movwf	141,c	;volatile
   304                           
   305                           ;mcc_generated_files/pin_manager.c: 61:     LATD = 0x00;
   306  007FC0  0E00               	movlw	0
   307  007FC2  6E8C               	movwf	140,c	;volatile
   308                           
   309                           ;mcc_generated_files/pin_manager.c: 62:     LATA = 0x00;
   310  007FC4  0E00               	movlw	0
   311  007FC6  6E89               	movwf	137,c	;volatile
   312                           
   313                           ;mcc_generated_files/pin_manager.c: 63:     LATB = 0x00;
   314  007FC8  0E00               	movlw	0
   315  007FCA  6E8A               	movwf	138,c	;volatile
   316                           
   317                           ;mcc_generated_files/pin_manager.c: 64:     LATC = 0x00;
   318  007FCC  0E00               	movlw	0
   319  007FCE  6E8B               	movwf	139,c	;volatile
   320                           
   321                           ;mcc_generated_files/pin_manager.c: 69:     TRISE = 0x07;
   322  007FD0  0E07               	movlw	7
   323  007FD2  6E96               	movwf	150,c	;volatile
   324                           
   325                           ;mcc_generated_files/pin_manager.c: 70:     TRISA = 0xBF;
   326  007FD4  0EBF               	movlw	191
   327  007FD6  6E92               	movwf	146,c	;volatile
   328  007FD8                     
   329                           ;mcc_generated_files/pin_manager.c: 71:     TRISB = 0xFF;
   330  007FD8  6893               	setf	147,c	;volatile
   331                           
   332                           ;mcc_generated_files/pin_manager.c: 72:     TRISC = 0x00;
   333  007FDA  0E00               	movlw	0
   334  007FDC  6E94               	movwf	148,c	;volatile
   335                           
   336                           ;mcc_generated_files/pin_manager.c: 73:     TRISD = 0x80;
   337  007FDE  0E80               	movlw	128
   338  007FE0  6E95               	movwf	149,c	;volatile
   339                           
   340                           ;mcc_generated_files/pin_manager.c: 78:     ANSELD = 0x3F;
   341  007FE2  0E3F               	movlw	63
   342  007FE4  010F               	movlb	15	; () banked
   343  007FE6  6F3B               	movwf	59,b	;volatile
   344                           
   345                           ;mcc_generated_files/pin_manager.c: 79:     ANSELC = 0xFC;
   346  007FE8  0EFC               	movlw	252
   347  007FEA  6F3A               	movwf	58,b	;volatile
   348                           
   349                           ;mcc_generated_files/pin_manager.c: 80:     ANSELB = 0x3F;
   350  007FEC  0E3F               	movlw	63
   351  007FEE  6F39               	movwf	57,b	;volatile
   352                           
   353                           ;mcc_generated_files/pin_manager.c: 81:     ANSELE = 0x07;
   354  007FF0  0E07               	movlw	7
   355  007FF2  6F3C               	movwf	60,b	;volatile
   356                           
   357                           ;mcc_generated_files/pin_manager.c: 82:     ANSELA = 0x2F;
   358  007FF4  0E2F               	movlw	47
   359  007FF6  6F38               	movwf	56,b	;volatile
   360                           
   361                           ;mcc_generated_files/pin_manager.c: 87:     WPUB = 0x00;
   362  007FF8  0E00               	movlw	0
   363  007FFA  6E61               	movwf	97,c	;volatile
   364  007FFC                     
   365                           ; BSR set to: 15
   366                           ;mcc_generated_files/pin_manager.c: 88:     INTCON2bits.nRBPU = 1;
   367  007FFC  8EF1               	bsf	241,7,c	;volatile
   368  007FFE                     
   369                           ; BSR set to: 15
   370  007FFE  0012               	return		;funcret
   371  008000                     __end_of_PIN_MANAGER_Initialize:
   372                           	opt callstack 0
   373                           
   374 ;; *************** function _OSCILLATOR_Initialize *****************
   375 ;; Defined at:
   376 ;;		line 59 in file "mcc_generated_files/mcc.c"
   377 ;; Parameters:    Size  Location     Type
   378 ;;		None
   379 ;; Auto vars:     Size  Location     Type
   380 ;;		None
   381 ;; Return value:  Size  Location     Type
   382 ;;                  1    wreg      void 
   383 ;; Registers used:
   384 ;;		wreg, status,2
   385 ;; Tracked objects:
   386 ;;		On entry : 0/0
   387 ;;		On exit  : 0/0
   388 ;;		Unchanged: 0/0
   389 ;; Data sizes:     COMRAM   BANK0   BANK1   BANK2   BANK3   BANK4   BANK5
   390 ;;      Params:         0       0       0       0       0       0       0
   391 ;;      Locals:         0       0       0       0       0       0       0
   392 ;;      Temps:          0       0       0       0       0       0       0
   393 ;;      Totals:         0       0       0       0       0       0       0
   394 ;;Total ram usage:        0 bytes
   395 ;; Hardware stack levels used:    1
   396 ;; This function calls:
   397 ;;		Nothing
   398 ;; This function is called by:
   399 ;;		_SYSTEM_Initialize
   400 ;; This function uses a non-reentrant model
   401 ;;
   402                           
   403                           	psect	text3
   404  007F1C                     __ptext3:
   405                           	opt callstack 0
   406  007F1C                     _OSCILLATOR_Initialize:
   407                           	opt callstack 29
   408  007F1C                     
   409                           ;mcc_generated_files/mcc.c: 62:     OSCCON = 0x30;
   410  007F1C  0E30               	movlw	48
   411  007F1E  6ED3               	movwf	211,c	;volatile
   412                           
   413                           ;mcc_generated_files/mcc.c: 64:     OSCCON2 = 0x04;
   414  007F20  0E04               	movlw	4
   415  007F22  6ED2               	movwf	210,c	;volatile
   416                           
   417                           ;mcc_generated_files/mcc.c: 66:     OSCTUNE = 0x00;
   418  007F24  0E00               	movlw	0
   419  007F26  6E9B               	movwf	155,c	;volatile
   420  007F28  0012               	return		;funcret
   421  007F2A                     __end_of_OSCILLATOR_Initialize:
   422                           	opt callstack 0
   423                           
   424 ;; *************** function _EUSART2_Initialize *****************
   425 ;; Defined at:
   426 ;;		line 66 in file "mcc_generated_files/eusart2.c"
   427 ;; Parameters:    Size  Location     Type
   428 ;;		None
   429 ;; Auto vars:     Size  Location     Type
   430 ;;		None
   431 ;; Return value:  Size  Location     Type
   432 ;;                  1    wreg      void 
   433 ;; Registers used:
   434 ;;		wreg, status,2, status,0, cstack
   435 ;; Tracked objects:
   436 ;;		On entry : 0/0
   437 ;;		On exit  : 0/0
   438 ;;		Unchanged: 0/0
   439 ;; Data sizes:     COMRAM   BANK0   BANK1   BANK2   BANK3   BANK4   BANK5
   440 ;;      Params:         0       0       0       0       0       0       0
   441 ;;      Locals:         0       0       0       0       0       0       0
   442 ;;      Temps:          0       0       0       0       0       0       0
   443 ;;      Totals:         0       0       0       0       0       0       0
   444 ;;Total ram usage:        0 bytes
   445 ;; Hardware stack levels used:    1
   446 ;; Hardware stack levels required when called:    1
   447 ;; This function calls:
   448 ;;		_EUSART2_SetErrorHandler
   449 ;;		_EUSART2_SetFramingErrorHandler
   450 ;;		_EUSART2_SetOverrunErrorHandler
   451 ;; This function is called by:
   452 ;;		_SYSTEM_Initialize
   453 ;;		_main
   454 ;; This function uses a non-reentrant model
   455 ;;
   456                           
   457                           	psect	text4
   458  007F7E                     __ptext4:
   459                           	opt callstack 0
   460  007F7E                     _EUSART2_Initialize:
   461                           	opt callstack 28
   462  007F7E                     
   463                           ;mcc_generated_files/eusart2.c: 71:     BAUDCON2 = 0x08;
   464  007F7E  0E08               	movlw	8
   465  007F80  6E70               	movwf	112,c	;volatile
   466                           
   467                           ;mcc_generated_files/eusart2.c: 74:     RCSTA2 = 0x90;
   468  007F82  0E90               	movlw	144
   469  007F84  6E71               	movwf	113,c	;volatile
   470                           
   471                           ;mcc_generated_files/eusart2.c: 77:     TXSTA2 = 0x24;
   472  007F86  0E24               	movlw	36
   473  007F88  6E72               	movwf	114,c	;volatile
   474                           
   475                           ;mcc_generated_files/eusart2.c: 80:     SPBRG2 = 0x06;
   476  007F8A  0E06               	movlw	6
   477  007F8C  6E75               	movwf	117,c	;volatile
   478                           
   479                           ;mcc_generated_files/eusart2.c: 83:     SPBRGH2 = 0x00;
   480  007F8E  0E00               	movlw	0
   481  007F90  6E76               	movwf	118,c	;volatile
   482  007F92                     
   483                           ;mcc_generated_files/eusart2.c: 86:     EUSART2_SetFramingErrorHandler(EUSART2_DefaultFr
      +                          amingErrorHandler);
   484  007F92  0E00               	movlw	0
   485  007F94  6E07               	movwf	EUSART2_SetFramingErrorHandler@interruptHandler^0,c
   486  007F96  0E00               	movlw	0
   487  007F98  6E08               	movwf	(EUSART2_SetFramingErrorHandler@interruptHandler+1)^0,c
   488  007F9A  EC7E  F03F         	call	_EUSART2_SetFramingErrorHandler	;wreg free
   489  007F9E                     
   490                           ;mcc_generated_files/eusart2.c: 87:     EUSART2_SetOverrunErrorHandler(EUSART2_DefaultOv
      +                          errunErrorHandler);
   491  007F9E  0E00               	movlw	0
   492  007FA0  6E07               	movwf	EUSART2_SetOverrunErrorHandler@interruptHandler^0,c
   493  007FA2  0E00               	movlw	0
   494  007FA4  6E08               	movwf	(EUSART2_SetOverrunErrorHandler@interruptHandler+1)^0,c
   495  007FA6  EC83  F03F         	call	_EUSART2_SetOverrunErrorHandler	;wreg free
   496  007FAA                     
   497                           ;mcc_generated_files/eusart2.c: 88:     EUSART2_SetErrorHandler(EUSART2_DefaultErrorHand
      +                          ler);
   498  007FAA  0E00               	movlw	0
   499  007FAC  6E07               	movwf	EUSART2_SetErrorHandler@interruptHandler^0,c
   500  007FAE  0E00               	movlw	0
   501  007FB0  6E08               	movwf	(EUSART2_SetErrorHandler@interruptHandler+1)^0,c
   502  007FB2  EC79  F03F         	call	_EUSART2_SetErrorHandler	;wreg free
   503  007FB6                     
   504                           ;mcc_generated_files/eusart2.c: 90:     eusart2RxLastError.status = 0;
   505  007FB6  0E00               	movlw	0
   506  007FB8  6E09               	movwf	_eusart2RxLastError^0,c	;volatile
   507  007FBA  0012               	return		;funcret
   508  007FBC                     __end_of_EUSART2_Initialize:
   509                           	opt callstack 0
   510                           
   511 ;; *************** function _EUSART2_SetOverrunErrorHandler *****************
   512 ;; Defined at:
   513 ;;		line 161 in file "mcc_generated_files/eusart2.c"
   514 ;; Parameters:    Size  Location     Type
   515 ;;  interruptHan    2    0[COMRAM] PTR FTN()void 
   516 ;;		 -> EUSART2_DefaultOverrunErrorHandler(1), 
   517 ;; Auto vars:     Size  Location     Type
   518 ;;		None
   519 ;; Return value:  Size  Location     Type
   520 ;;                  1    wreg      void 
   521 ;; Registers used:
   522 ;;		wreg, status,2, status,0
   523 ;; Tracked objects:
   524 ;;		On entry : 0/0
   525 ;;		On exit  : 0/0
   526 ;;		Unchanged: 0/0
   527 ;; Data sizes:     COMRAM   BANK0   BANK1   BANK2   BANK3   BANK4   BANK5
   528 ;;      Params:         2       0       0       0       0       0       0
   529 ;;      Locals:         0       0       0       0       0       0       0
   530 ;;      Temps:          0       0       0       0       0       0       0
   531 ;;      Totals:         2       0       0       0       0       0       0
   532 ;;Total ram usage:        2 bytes
   533 ;; Hardware stack levels used:    1
   534 ;; This function calls:
   535 ;;		Nothing
   536 ;; This function is called by:
   537 ;;		_EUSART2_Initialize
   538 ;; This function uses a non-reentrant model
   539 ;;
   540                           
   541                           	psect	text5
   542  007F06                     __ptext5:
   543                           	opt callstack 0
   544  007F06                     _EUSART2_SetOverrunErrorHandler:
   545                           	opt callstack 28
   546  007F06                     
   547                           ;mcc_generated_files/eusart2.c: 162:     EUSART2_OverrunErrorHandler = interruptHandler;
   548  007F06  C007  F003         	movff	EUSART2_SetOverrunErrorHandler@interruptHandler,_EUSART2_OverrunErrorHandler
   549  007F0A  C008  F004         	movff	EUSART2_SetOverrunErrorHandler@interruptHandler+1,_EUSART2_OverrunErrorHandler+1
   550  007F0E  0012               	return		;funcret
   551  007F10                     __end_of_EUSART2_SetOverrunErrorHandler:
   552                           	opt callstack 0
   553                           
   554 ;; *************** function _EUSART2_SetFramingErrorHandler *****************
   555 ;; Defined at:
   556 ;;		line 157 in file "mcc_generated_files/eusart2.c"
   557 ;; Parameters:    Size  Location     Type
   558 ;;  interruptHan    2    0[COMRAM] PTR FTN()void 
   559 ;;		 -> EUSART2_DefaultFramingErrorHandler(1), 
   560 ;; Auto vars:     Size  Location     Type
   561 ;;		None
   562 ;; Return value:  Size  Location     Type
   563 ;;                  1    wreg      void 
   564 ;; Registers used:
   565 ;;		wreg, status,2, status,0
   566 ;; Tracked objects:
   567 ;;		On entry : 0/0
   568 ;;		On exit  : 0/0
   569 ;;		Unchanged: 0/0
   570 ;; Data sizes:     COMRAM   BANK0   BANK1   BANK2   BANK3   BANK4   BANK5
   571 ;;      Params:         2       0       0       0       0       0       0
   572 ;;      Locals:         0       0       0       0       0       0       0
   573 ;;      Temps:          0       0       0       0       0       0       0
   574 ;;      Totals:         2       0       0       0       0       0       0
   575 ;;Total ram usage:        2 bytes
   576 ;; Hardware stack levels used:    1
   577 ;; This function calls:
   578 ;;		Nothing
   579 ;; This function is called by:
   580 ;;		_EUSART2_Initialize
   581 ;; This function uses a non-reentrant model
   582 ;;
   583                           
   584                           	psect	text6
   585  007EFC                     __ptext6:
   586                           	opt callstack 0
   587  007EFC                     _EUSART2_SetFramingErrorHandler:
   588                           	opt callstack 28
   589  007EFC                     
   590                           ;mcc_generated_files/eusart2.c: 158:     EUSART2_FramingErrorHandler = interruptHandler;
   591  007EFC  C007  F005         	movff	EUSART2_SetFramingErrorHandler@interruptHandler,_EUSART2_FramingErrorHandler
   592  007F00  C008  F006         	movff	EUSART2_SetFramingErrorHandler@interruptHandler+1,_EUSART2_FramingErrorHandler+1
   593  007F04  0012               	return		;funcret
   594  007F06                     __end_of_EUSART2_SetFramingErrorHandler:
   595                           	opt callstack 0
   596                           
   597 ;; *************** function _EUSART2_SetErrorHandler *****************
   598 ;; Defined at:
   599 ;;		line 165 in file "mcc_generated_files/eusart2.c"
   600 ;; Parameters:    Size  Location     Type
   601 ;;  interruptHan    2    0[COMRAM] PTR FTN()void 
   602 ;;		 -> EUSART2_DefaultErrorHandler(1), 
   603 ;; Auto vars:     Size  Location     Type
   604 ;;		None
   605 ;; Return value:  Size  Location     Type
   606 ;;                  1    wreg      void 
   607 ;; Registers used:
   608 ;;		wreg, status,2, status,0
   609 ;; Tracked objects:
   610 ;;		On entry : 0/0
   611 ;;		On exit  : 0/0
   612 ;;		Unchanged: 0/0
   613 ;; Data sizes:     COMRAM   BANK0   BANK1   BANK2   BANK3   BANK4   BANK5
   614 ;;      Params:         2       0       0       0       0       0       0
   615 ;;      Locals:         0       0       0       0       0       0       0
   616 ;;      Temps:          0       0       0       0       0       0       0
   617 ;;      Totals:         2       0       0       0       0       0       0
   618 ;;Total ram usage:        2 bytes
   619 ;; Hardware stack levels used:    1
   620 ;; This function calls:
   621 ;;		Nothing
   622 ;; This function is called by:
   623 ;;		_EUSART2_Initialize
   624 ;; This function uses a non-reentrant model
   625 ;;
   626                           
   627                           	psect	text7
   628  007EF2                     __ptext7:
   629                           	opt callstack 0
   630  007EF2                     _EUSART2_SetErrorHandler:
   631                           	opt callstack 28
   632  007EF2                     
   633                           ;mcc_generated_files/eusart2.c: 166:     EUSART2_ErrorHandler = interruptHandler;
   634  007EF2  C007  F001         	movff	EUSART2_SetErrorHandler@interruptHandler,_EUSART2_ErrorHandler
   635  007EF6  C008  F002         	movff	EUSART2_SetErrorHandler@interruptHandler+1,_EUSART2_ErrorHandler+1
   636  007EFA  0012               	return		;funcret
   637  007EFC                     __end_of_EUSART2_SetErrorHandler:
   638                           	opt callstack 0
   639                           
   640 ;; *************** function _ADC_Initialize *****************
   641 ;; Defined at:
   642 ;;		line 58 in file "mcc_generated_files/adc.c"
   643 ;; Parameters:    Size  Location     Type
   644 ;;		None
   645 ;; Auto vars:     Size  Location     Type
   646 ;;		None
   647 ;; Return value:  Size  Location     Type
   648 ;;                  1    wreg      void 
   649 ;; Registers used:
   650 ;;		wreg, status,2
   651 ;; Tracked objects:
   652 ;;		On entry : 0/0
   653 ;;		On exit  : 0/0
   654 ;;		Unchanged: 0/0
   655 ;; Data sizes:     COMRAM   BANK0   BANK1   BANK2   BANK3   BANK4   BANK5
   656 ;;      Params:         0       0       0       0       0       0       0
   657 ;;      Locals:         0       0       0       0       0       0       0
   658 ;;      Temps:          0       0       0       0       0       0       0
   659 ;;      Totals:         0       0       0       0       0       0       0
   660 ;;Total ram usage:        0 bytes
   661 ;; Hardware stack levels used:    1
   662 ;; This function calls:
   663 ;;		Nothing
   664 ;; This function is called by:
   665 ;;		_SYSTEM_Initialize
   666 ;; This function uses a non-reentrant model
   667 ;;
   668                           
   669                           	psect	text8
   670  007F52                     __ptext8:
   671                           	opt callstack 0
   672  007F52                     _ADC_Initialize:
   673                           	opt callstack 29
   674  007F52                     
   675                           ;mcc_generated_files/adc.c: 63:     ADCON0 = 0x01;
   676  007F52  0E01               	movlw	1
   677  007F54  6EC2               	movwf	194,c	;volatile
   678                           
   679                           ;mcc_generated_files/adc.c: 66:     ADCON1 = 0x00;
   680  007F56  0E00               	movlw	0
   681  007F58  6EC1               	movwf	193,c	;volatile
   682                           
   683                           ;mcc_generated_files/adc.c: 69:     ADCON2 = 0x0D;
   684  007F5A  0E0D               	movlw	13
   685  007F5C  6EC0               	movwf	192,c	;volatile
   686                           
   687                           ;mcc_generated_files/adc.c: 72:     ADRESL = 0x00;
   688  007F5E  0E00               	movlw	0
   689  007F60  6EC3               	movwf	195,c	;volatile
   690                           
   691                           ;mcc_generated_files/adc.c: 75:     ADRESH = 0x00;
   692  007F62  0E00               	movlw	0
   693  007F64  6EC4               	movwf	196,c	;volatile
   694  007F66  0012               	return		;funcret
   695  007F68                     __end_of_ADC_Initialize:
   696                           	opt callstack 0
   697                           
   698 ;; *************** function _EUSART2_Write *****************
   699 ;; Defined at:
   700 ;;		line 132 in file "mcc_generated_files/eusart2.c"
   701 ;; Parameters:    Size  Location     Type
   702 ;;  txData          1    wreg     unsigned char 
   703 ;; Auto vars:     Size  Location     Type
   704 ;;  txData          1    0[COMRAM] unsigned char 
   705 ;; Return value:  Size  Location     Type
   706 ;;                  1    wreg      void 
   707 ;; Registers used:
   708 ;;		wreg
   709 ;; Tracked objects:
   710 ;;		On entry : 0/0
   711 ;;		On exit  : 0/0
   712 ;;		Unchanged: 0/0
   713 ;; Data sizes:     COMRAM   BANK0   BANK1   BANK2   BANK3   BANK4   BANK5
   714 ;;      Params:         0       0       0       0       0       0       0
   715 ;;      Locals:         1       0       0       0       0       0       0
   716 ;;      Temps:          0       0       0       0       0       0       0
   717 ;;      Totals:         1       0       0       0       0       0       0
   718 ;;Total ram usage:        1 bytes
   719 ;; Hardware stack levels used:    1
   720 ;; This function calls:
   721 ;;		Nothing
   722 ;; This function is called by:
   723 ;;		_main
   724 ;; This function uses a non-reentrant model
   725 ;;
   726                           
   727                           	psect	text9
   728  007F3C                     __ptext9:
   729                           	opt callstack 0
   730  007F3C                     _EUSART2_Write:
   731                           	opt callstack 30
   732                           
   733                           ;incstack = 0
   734                           ;EUSART2_Write@txData stored from wreg
   735  007F3C  6E07               	movwf	EUSART2_Write@txData^0,c
   736  007F3E                     l67:
   737                           
   738                           ;mcc_generated_files/eusart2.c: 134:     while(0 == PIR3bits.TX2IF)
   739  007F3E  A8A4               	btfss	164,4,c	;volatile
   740  007F40  EFA4  F03F         	goto	u11
   741  007F44  EFA6  F03F         	goto	u10
   742  007F48                     u11:
   743  007F48  EF9F  F03F         	goto	l67
   744  007F4C                     u10:
   745  007F4C                     
   746                           ;mcc_generated_files/eusart2.c: 138:     TXREG2 = txData;
   747  007F4C  C007  FF73         	movff	EUSART2_Write@txData,3955	;volatile
   748  007F50  0012               	return		;funcret
   749  007F52                     __end_of_EUSART2_Write:
   750                           	opt callstack 0
   751  0000                     
   752                           	psect	rparam
   753  0000                     tosu	equ	0xFFF
   754                           tosh	equ	0xFFE
   755                           tosl	equ	0xFFD
   756                           stkptr	equ	0xFFC
   757                           pclatu	equ	0xFFB
   758                           pclath	equ	0xFFA
   759                           pcl	equ	0xFF9
   760                           tblptru	equ	0xFF8
   761                           tblptrh	equ	0xFF7
   762                           tblptrl	equ	0xFF6
   763                           tablat	equ	0xFF5
   764                           prodh	equ	0xFF4
   765                           prodl	equ	0xFF3
   766                           indf0	equ	0xFEF
   767                           postinc0	equ	0xFEE
   768                           postdec0	equ	0xFED
   769                           preinc0	equ	0xFEC
   770                           plusw0	equ	0xFEB
   771                           fsr0h	equ	0xFEA
   772                           fsr0l	equ	0xFE9
   773                           wreg	equ	0xFE8
   774                           indf1	equ	0xFE7
   775                           postinc1	equ	0xFE6
   776                           postdec1	equ	0xFE5
   777                           preinc1	equ	0xFE4
   778                           plusw1	equ	0xFE3
   779                           fsr1h	equ	0xFE2
   780                           fsr1l	equ	0xFE1
   781                           bsr	equ	0xFE0
   782                           indf2	equ	0xFDF
   783                           postinc2	equ	0xFDE
   784                           postdec2	equ	0xFDD
   785                           preinc2	equ	0xFDC
   786                           plusw2	equ	0xFDB
   787                           fsr2h	equ	0xFDA
   788                           fsr2l	equ	0xFD9
   789                           status	equ	0xFD8


Data Sizes:
    Strings     0
    Constant    0
    Data        0
    BSS         1
    Persistent  6
    Stack       0

Auto Spaces:
    Space          Size  Autos    Used
    COMRAM           95      3      10
    BANK0           160      0       0
    BANK1           256      0       0
    BANK2           256      0       0
    BANK3           256      0       0
    BANK4           256      0       0
    BANK5           256      0       0

Pointer List with Targets:

    EUSART2_SetErrorHandler@interruptHandler	PTR FTN()void  size(2) Largest target is 1
		 -> EUSART2_DefaultErrorHandler(), 

    EUSART2_ErrorHandler	PTR FTN()void  size(2) Largest target is 1
		 -> Absolute function(), EUSART2_DefaultErrorHandler(), 

    EUSART2_SetOverrunErrorHandler@interruptHandler	PTR FTN()void  size(2) Largest target is 1
		 -> EUSART2_DefaultOverrunErrorHandler(), 

    EUSART2_OverrunErrorHandler	PTR FTN()void  size(2) Largest target is 1
		 -> Absolute function(), EUSART2_DefaultOverrunErrorHandler(), 

    EUSART2_SetFramingErrorHandler@interruptHandler	PTR FTN()void  size(2) Largest target is 1
		 -> EUSART2_DefaultFramingErrorHandler(), 

    EUSART2_FramingErrorHandler	PTR FTN()void  size(2) Largest target is 1
		 -> Absolute function(), EUSART2_DefaultFramingErrorHandler(), 


Critical Paths under _main in COMRAM

    _EUSART2_Initialize->_EUSART2_SetErrorHandler
    _EUSART2_Initialize->_EUSART2_SetFramingErrorHandler
    _EUSART2_Initialize->_EUSART2_SetOverrunErrorHandler

Critical Paths under _main in BANK0

    None.

Critical Paths under _main in BANK1

    None.

Critical Paths under _main in BANK2

    None.

Critical Paths under _main in BANK3

    None.

Critical Paths under _main in BANK4

    None.

Critical Paths under _main in BANK5

    None.

Call Graph Tables:

 ---------------------------------------------------------------------------------
 (Depth) Function   	        Calls       Base Space   Used Autos Params    Refs
 ---------------------------------------------------------------------------------
 (0) _main                                                 1     1      0     626
                                              2 COMRAM     1     1      0
                 _EUSART2_Initialize
                      _EUSART2_Write
                  _SYSTEM_Initialize
 ---------------------------------------------------------------------------------
 (1) _SYSTEM_Initialize                                    0     0      0     294
                     _ADC_Initialize
                 _EUSART2_Initialize
              _OSCILLATOR_Initialize
             _PIN_MANAGER_Initialize
 ---------------------------------------------------------------------------------
 (2) _PIN_MANAGER_Initialize                               0     0      0       0
 ---------------------------------------------------------------------------------
 (2) _OSCILLATOR_Initialize                                0     0      0       0
 ---------------------------------------------------------------------------------
 (2) _EUSART2_Initialize                                   0     0      0     294
            _EUSART2_SetErrorHandler
     _EUSART2_SetFramingErrorHandler
     _EUSART2_SetOverrunErrorHandler
 ---------------------------------------------------------------------------------
 (3) _EUSART2_SetOverrunErrorHandler                       2     0      2      98
                                              0 COMRAM     2     0      2
 ---------------------------------------------------------------------------------
 (3) _EUSART2_SetFramingErrorHandler                       2     0      2      98
                                              0 COMRAM     2     0      2
 ---------------------------------------------------------------------------------
 (3) _EUSART2_SetErrorHandler                              2     0      2      98
                                              0 COMRAM     2     0      2
 ---------------------------------------------------------------------------------
 (2) _ADC_Initialize                                       0     0      0       0
 ---------------------------------------------------------------------------------
 (1) _EUSART2_Write                                        1     1      0      15
                                              0 COMRAM     1     1      0
 ---------------------------------------------------------------------------------
 Estimated maximum stack depth 3
 ---------------------------------------------------------------------------------

 Call Graph Graphs:

 _main (ROOT)
   _EUSART2_Initialize
     _EUSART2_SetErrorHandler
     _EUSART2_SetFramingErrorHandler
     _EUSART2_SetOverrunErrorHandler
   _EUSART2_Write
   _SYSTEM_Initialize
     _ADC_Initialize
     _EUSART2_Initialize
       _EUSART2_SetErrorHandler
       _EUSART2_SetFramingErrorHandler
       _EUSART2_SetOverrunErrorHandler
     _OSCILLATOR_Initialize
     _PIN_MANAGER_Initialize

 Address spaces:
Name               Size   Autos  Total    Cost      Usage
BIGRAM             5FF      0       0      16        0.0%
EEDATA             100      0       0       0        0.0%
BITBANK5           100      0       0      14        0.0%
BANK5              100      0       0      15        0.0%
BITBANK4           100      0       0      12        0.0%
BANK4              100      0       0      13        0.0%
BITBANK3           100      0       0      10        0.0%
BANK3              100      0       0      11        0.0%
BITBANK2           100      0       0       7        0.0%
BANK2              100      0       0       8        0.0%
BITBANK1           100      0       0       5        0.0%
BANK1              100      0       0       6        0.0%
BITBANK0            A0      0       0       3        0.0%
BANK0               A0      0       0       4        0.0%
BITCOMRAM           5F      0       0       0        0.0%
COMRAM              5F      3       A       1       10.5%
BITSFR_1             0      0       0     200        0.0%
SFR_1                0      0       0     200        0.0%
BITSFR               0      0       0     200        0.0%
SFR                  0      0       0     200        0.0%
STACK                0      0       0       2        0.0%
NULL                 0      0       0       0        0.0%
ABS                  0      0       A       9        0.0%
DATA                 0      0       A      17        0.0%
CODE                 0      0       0       0        0.0%


Microchip Technology PIC18 Macro Assembler V2.10 build 88905656 
Symbol Table                                                                                   Tue Dec 31 11:29:35 2019

                                            l43 7FBA                                              l70 7F50  
                                            l82 7F04                                              l67 7F3E  
                                            l85 7F0E                                              l88 7EFA  
                                            u10 7F4C                                              u11 7F48  
                                  __CFG_CP0$OFF 000000                                    __CFG_CP1$OFF 000000  
                                  __CFG_CP2$OFF 000000                                    __CFG_CP3$OFF 000000  
                                   __CFG_LVP$ON 000000                                             l105 7F3A  
                                           l108 7F28                                             l147 7FFE  
                                           l165 7F66                                             l901 7F4C  
                                           l971 7F06                                             l891 7FD8  
                                           l973 7EF2                                             l981 7FAA  
                                           l893 7FFC                                             l983 7FB6  
                                           l975 7F7E                                             l895 7F1C  
                                           l991 7F70                                             l897 7F52  
                                           l969 7EFC                                             l977 7F92  
                                           l889 7FBC                                             l985 7F2A  
                                           l993 7F70                                             l899 7F3E  
                                           l979 7F9E                                             l987 7F36  
                                           l989 7F68                                    __CFG_CPB$OFF 000000  
                                  __CFG_CPD$OFF 000000          __end_of_EUSART2_SetFramingErrorHandler 7F06  
       __size_of_EUSART2_SetFramingErrorHandler 000A                  _EUSART2_SetFramingErrorHandler 7EFC  
                                    _TXSTA2bits 000F72                                            _LATA 000F89  
                                          _LATB 000F8A                                            _LATC 000F8B  
                                          _LATD 000F8C                                            _LATE 000F8D  
                                          _WPUB 000F61                                   _EUSART2_Write 7F3C  
                                          _main 7F68                                   __CFG_BORV$190 000000  
                                          start 0000                                   __CFG_IESO$OFF 000000  
                                  ___param_bank 000000                  __size_of_OSCILLATOR_Initialize 000E  
                 __end_of_OSCILLATOR_Initialize 7F2A                                           ?_main 0007  
                                __CFG_DEBUG$OFF 000000                                           _TRISA 000F92  
                                         _TRISB 000F93                                           _TRISC 000F94  
                                         _TRISD 000F95                                           _TRISE 000F96  
                                 __CFG_WRT0$OFF 000000                                   __CFG_WRT1$OFF 000000  
                                 __CFG_WRT2$OFF 000000                                   __CFG_WRT3$OFF 000000  
                                __CFG_EBTR0$OFF 000000                                  __CFG_FCMEN$OFF 000000  
                                __CFG_EBTR1$OFF 000000                                  __CFG_EBTR2$OFF 000000  
                                __CFG_EBTR3$OFF 000000                                   __CFG_WRTB$OFF 000000  
                                 __CFG_WRTC$OFF 000000                                   __CFG_WRTD$OFF 000000  
                                __CFG_EBTRB$OFF 000000                              __CFG_MCLRE$EXTMCLR 000000  
                                ?_EUSART2_Write 0007                                  __CFG_HFOFST$ON 000000  
                                __CFG_PBADEN$ON 000000                                 __initialization 7F10  
                                  __end_of_main 7F7E                                          ??_main 0009  
                                 __activetblptr 000002                     _EUSART2_DefaultErrorHandler 000000  
                    __end_of_EUSART2_Initialize 7FBC                                          _ADCON0 000FC2  
                                        _ADCON1 000FC1                                          _ADCON2 000FC0  
                                        _ADRESH 000FC4                                          _ADRESL 000FC3  
                                        _ANSELA 000F38                                          _ANSELB 000F39  
                                        _ANSELC 000F3A                                          _ANSELD 000F3B  
                                        _ANSELE 000F3C                                  __CFG_WDTEN$OFF 000000  
                                        _RCREG2 000F74                                          _RCSTA2 000F71  
                                        _OSCCON 000FD3                                          _SPBRG2 000F75  
                                        _TXREG2 000F73                                          _TXSTA2 000F72  
                                __CFG_XINST$OFF 000000                                  __CFG_STVREN$ON 000000  
                   _EUSART2_FramingErrorHandler 0005                                          tblptru 000FF8  
                               ??_EUSART2_Write 0007                               _SYSTEM_Initialize 7F2A  
                                    __accesstop 0060                         __end_of__initialization 7F12  
                            ?_SYSTEM_Initialize 0007                                   ___rparam_used 000001  
                                __pcstackCOMRAM 0007                             ??_SYSTEM_Initialize 0009  
                      ?_EUSART2_SetErrorHandler 0007                       __end_of_SYSTEM_Initialize 7F3C  
                               __CFG_PLLCFG$OFF 000000                ??_EUSART2_SetFramingErrorHandler 0009  
               ?_EUSART2_SetFramingErrorHandler 0007                                      __pnvCOMRAM 0001  
                            __CFG_CCP2MX$PORTC1 000000                              __CFG_CCP3MX$PORTB5 000000  
                       __size_of_ADC_Initialize 0016                                         _OSCCON2 000FD2  
                                       _OSCTUNE 000F9B                                         _SPBRGH2 000F76  
                               __CFG_PWRTEN$OFF 000000                                         __Hparam 0000  
                                       __Lparam 0000                                         __pcinit 7F10  
               __end_of_EUSART2_SetErrorHandler 7EFC                                         __ramtop 0600  
                                       __ptext0 7F68                                         __ptext1 7F2A  
                                       __ptext2 7FBC                                         __ptext3 7F1C  
                                       __ptext4 7F7E                                         __ptext5 7F06  
                                       __ptext6 7EFC                                         __ptext7 7EF2  
                                       __ptext8 7F52                                         __ptext9 7F3C  
            _EUSART2_DefaultOverrunErrorHandler 000000                           _OSCILLATOR_Initialize 7F1C  
                      ??_PIN_MANAGER_Initialize 0007                      __size_of_SYSTEM_Initialize 0012  
                          end_of_initialization 7F12                                   __Lmediumconst 0000  
                            _EUSART2_Initialize 7F7E                             ?_EUSART2_Initialize 0007  
                          ??_EUSART2_Initialize 0009                                  _ADC_Initialize 7F52  
                        ?_OSCILLATOR_Initialize 0007                             start_initialization 7F10  
               __size_of_PIN_MANAGER_Initialize 0044                           __end_of_EUSART2_Write 7F52  
              __size_of_EUSART2_SetErrorHandler 000A          __end_of_EUSART2_SetOverrunErrorHandler 7F10  
       __size_of_EUSART2_SetOverrunErrorHandler 000A                  _EUSART2_SetOverrunErrorHandler 7F06  
                        __end_of_ADC_Initialize 7F68                                     __pbssCOMRAM 0009  
                           EUSART2_Write@txData 0007                          _PIN_MANAGER_Initialize 7FBC  
                               ?_ADC_Initialize 0007                                __CFG_PRICLKEN$ON 000000  
                                      _BAUDCON2 000F70         EUSART2_SetErrorHandler@interruptHandler 0007  
                                      _PIR3bits 000FA4                                __CFG_WDTPS$32768 000000  
                                    _ADCON0bits 000FC2                                     _INTCON2bits 000FF1  
                       _EUSART2_SetErrorHandler 7EF2                     _EUSART2_OverrunErrorHandler 0003  
                                      __Hrparam 0000                                        __Lrparam 0000  
                            __CFG_BOREN$SBORDIS 000000                               __CFG_P2BMX$PORTD2 000000  
                       ??_OSCILLATOR_Initialize 0007                            _EUSART2_ErrorHandler 0001  
                   __size_of_EUSART2_Initialize 003E                                   __size_of_main 0016  
            _EUSART2_DefaultFramingErrorHandler 000000  EUSART2_SetOverrunErrorHandler@interruptHandler 0007  
              ??_EUSART2_SetOverrunErrorHandler 0009                 ?_EUSART2_SetOverrunErrorHandler 0007  
                                    _INTCONbits 000FF2                       ??_EUSART2_SetErrorHandler 0009  
                       ?_PIN_MANAGER_Initialize 0007                                      _RCSTA2bits 000F71  
                              ??_ADC_Initialize 0007  EUSART2_SetFramingErrorHandler@interruptHandler 0007  
                        __size_of_EUSART2_Write 0016                               __CFG_T3CMX$PORTC0 000000  
                __end_of_PIN_MANAGER_Initialize 8000                              _eusart2RxLastError 0009  
                             __CFG_FOSC$INTIO67 000000  
